2019-09-01 16:55:13.4593|INFO|Microsoft.AspNetCore.DataProtection.KeyManagement.XmlKeyManager|User profile is available. Using 'C:\Users\wcosta\AppData\Local\ASP.NET\DataProtection-Keys' as key repository and Windows DPAPI to encrypt keys at rest.
2019-09-01 16:55:16.9811|INFO|Microsoft.EntityFrameworkCore.Infrastructure|Entity Framework Core 2.0.0-rtm-26452 initialized 'LibraryContext' using provider 'Microsoft.EntityFrameworkCore.SqlServer' with options: None
2019-09-01 16:55:57.9144|INFO|Microsoft.EntityFrameworkCore.Database.Command|Executed DbCommand (548ms) [Parameters=[], CommandType='Text', CommandTimeout='30']
SELECT OBJECT_ID(N'__EFMigrationsHistory');
2019-09-01 16:55:58.0322|INFO|Microsoft.EntityFrameworkCore.Database.Command|Executed DbCommand (1ms) [Parameters=[], CommandType='Text', CommandTimeout='30']
SELECT OBJECT_ID(N'__EFMigrationsHistory');
2019-09-01 16:55:58.1742|INFO|Microsoft.EntityFrameworkCore.Database.Command|Executed DbCommand (34ms) [Parameters=[], CommandType='Text', CommandTimeout='30']
SELECT [MigrationId], [ProductVersion]
FROM [__EFMigrationsHistory]
ORDER BY [MigrationId];
2019-09-01 16:55:58.3042|INFO|Microsoft.EntityFrameworkCore.Migrations|No migrations were applied. The database is already up to date.
2019-09-01 16:55:59.8062|INFO|Microsoft.EntityFrameworkCore.Database.Command|Executed DbCommand (21ms) [Parameters=[], CommandType='Text', CommandTimeout='30']
SELECT [a].[Id], [a].[DateOfBirth], [a].[FirstName], [a].[Genre], [a].[LastName]
FROM [Authors] AS [a]
2019-09-01 16:56:00.4253|INFO|Microsoft.EntityFrameworkCore.Database.Command|Executed DbCommand (213ms) [Parameters=[@p0='?', @p1='?', @p2='?', @p3='?', @p4='?', @p5='?'], CommandType='Text', CommandTimeout='30']
SET NOCOUNT ON;
DELETE FROM [Authors]
WHERE [Id] = @p0;
SELECT @@ROWCOUNT;

DELETE FROM [Authors]
WHERE [Id] = @p1;
SELECT @@ROWCOUNT;

DELETE FROM [Authors]
WHERE [Id] = @p2;
SELECT @@ROWCOUNT;

DELETE FROM [Authors]
WHERE [Id] = @p3;
SELECT @@ROWCOUNT;

DELETE FROM [Authors]
WHERE [Id] = @p4;
SELECT @@ROWCOUNT;

DELETE FROM [Authors]
WHERE [Id] = @p5;
SELECT @@ROWCOUNT;
2019-09-01 16:56:00.5603|INFO|Microsoft.EntityFrameworkCore.Database.Command|Executed DbCommand (30ms) [Parameters=[@p0='?', @p1='?', @p2='?' (Size = 50), @p3='?' (Size = 50), @p4='?' (Size = 50), @p5='?', @p6='?', @p7='?' (Size = 50), @p8='?' (Size = 50), @p9='?' (Size = 50), @p10='?', @p11='?', @p12='?' (Size = 50), @p13='?' (Size = 50), @p14='?' (Size = 50), @p15='?', @p16='?', @p17='?' (Size = 50), @p18='?' (Size = 50), @p19='?' (Size = 50), @p20='?', @p21='?', @p22='?' (Size = 50), @p23='?' (Size = 50), @p24='?' (Size = 50), @p25='?', @p26='?', @p27='?' (Size = 50), @p28='?' (Size = 50), @p29='?' (Size = 50)], CommandType='Text', CommandTimeout='30']
SET NOCOUNT ON;
INSERT INTO [Authors] ([Id], [DateOfBirth], [FirstName], [Genre], [LastName])
VALUES (@p0, @p1, @p2, @p3, @p4),
(@p5, @p6, @p7, @p8, @p9),
(@p10, @p11, @p12, @p13, @p14),
(@p15, @p16, @p17, @p18, @p19),
(@p20, @p21, @p22, @p23, @p24),
(@p25, @p26, @p27, @p28, @p29);
2019-09-01 16:56:00.5732|INFO|Microsoft.EntityFrameworkCore.Database.Command|Executed DbCommand (4ms) [Parameters=[@p30='?', @p31='?', @p32='?' (Size = 500), @p33='?' (Size = 100), @p34='?', @p35='?', @p36='?' (Size = 500), @p37='?' (Size = 100), @p38='?', @p39='?', @p40='?' (Size = 500), @p41='?' (Size = 100), @p42='?', @p43='?', @p44='?' (Size = 500), @p45='?' (Size = 100), @p46='?', @p47='?', @p48='?' (Size = 500), @p49='?' (Size = 100), @p50='?', @p51='?', @p52='?' (Size = 500), @p53='?' (Size = 100), @p54='?', @p55='?', @p56='?' (Size = 500), @p57='?' (Size = 100), @p58='?', @p59='?', @p60='?' (Size = 500), @p61='?' (Size = 100), @p62='?', @p63='?', @p64='?' (Size = 500), @p65='?' (Size = 100), @p66='?', @p67='?', @p68='?' (Size = 500), @p69='?' (Size = 100), @p70='?', @p71='?', @p72='?' (Size = 500), @p73='?' (Size = 100)], CommandType='Text', CommandTimeout='30']
SET NOCOUNT ON;
INSERT INTO [Books] ([Id], [AuthorId], [Description], [Title])
VALUES (@p30, @p31, @p32, @p33),
(@p34, @p35, @p36, @p37),
(@p38, @p39, @p40, @p41),
(@p42, @p43, @p44, @p45),
(@p46, @p47, @p48, @p49),
(@p50, @p51, @p52, @p53),
(@p54, @p55, @p56, @p57),
(@p58, @p59, @p60, @p61),
(@p62, @p63, @p64, @p65),
(@p66, @p67, @p68, @p69),
(@p70, @p71, @p72, @p73);
2019-09-01 16:56:03.7722|INFO|Microsoft.AspNetCore.Hosting.Internal.WebHost|Request starting HTTP/1.1 DEBUG http://localhost:6058/  0
2019-09-01 16:56:04.2520|INFO|Microsoft.AspNetCore.Hosting.Internal.WebHost|Request finished in 551.2708ms 200 
2019-09-01 17:00:28.7931|INFO|Microsoft.AspNetCore.Hosting.Internal.WebHost|Request starting HTTP/1.1 GET http://localhost:6058/api/authors/76053df4-6687-4353-8937-b45556748abe  
2019-09-01 17:00:30.7635|INFO|Microsoft.EntityFrameworkCore.Infrastructure|Entity Framework Core 2.0.0-rtm-26452 initialized 'LibraryContext' using provider 'Microsoft.EntityFrameworkCore.SqlServer' with options: None
2019-09-01 17:00:30.8163|INFO|Microsoft.EntityFrameworkCore.Database.Command|Executed DbCommand (2ms) [Parameters=[], CommandType='Text', CommandTimeout='30']
SELECT OBJECT_ID(N'__EFMigrationsHistory');
2019-09-01 17:00:30.8822|INFO|Microsoft.EntityFrameworkCore.Database.Command|Executed DbCommand (0ms) [Parameters=[], CommandType='Text', CommandTimeout='30']
SELECT OBJECT_ID(N'__EFMigrationsHistory');
2019-09-01 17:00:30.8927|INFO|Microsoft.EntityFrameworkCore.Database.Command|Executed DbCommand (0ms) [Parameters=[], CommandType='Text', CommandTimeout='30']
SELECT [MigrationId], [ProductVersion]
FROM [__EFMigrationsHistory]
ORDER BY [MigrationId];
2019-09-01 17:00:30.8927|INFO|Microsoft.EntityFrameworkCore.Migrations|No migrations were applied. The database is already up to date.
2019-09-01 17:00:31.0905|INFO|Microsoft.AspNetCore.Mvc.Internal.ControllerActionInvoker|Executing action method Library.API.Controllers.AuthorsController.GetAuthor (Library.API) with arguments (76053df4-6687-4353-8937-b45556748abe, ) - ModelState is Valid
2019-09-01 17:00:31.2561|INFO|Microsoft.EntityFrameworkCore.Database.Command|Executed DbCommand (4ms) [Parameters=[@__authorId_0='?'], CommandType='Text', CommandTimeout='30']
SELECT TOP(1) [a].[Id], [a].[DateOfBirth], [a].[FirstName], [a].[Genre], [a].[LastName]
FROM [Authors] AS [a]
WHERE [a].[Id] = @__authorId_0
2019-09-01 17:00:31.4318|INFO|Microsoft.AspNetCore.Mvc.Internal.ObjectResultExecutor|Executing ObjectResult, writing value Microsoft.AspNetCore.Mvc.ControllerContext.
2019-09-01 17:00:31.9474|INFO|Microsoft.AspNetCore.Mvc.Internal.ControllerActionInvoker|Executed action Library.API.Controllers.AuthorsController.GetAuthor (Library.API) in 1253.3397ms
2019-09-01 17:00:32.0347|INFO|Microsoft.AspNetCore.Hosting.Internal.WebHost|Request finished in 3177.6182ms 200 application/json; charset=utf-8
2019-09-01 17:01:32.1823|INFO|Microsoft.AspNetCore.Hosting.Internal.WebHost|Request starting HTTP/1.1 GET http://localhost:6058/api/authors/76053df4-6687-4353-8937-b45556748abe?fields=id,name  
2019-09-01 17:01:32.2380|INFO|Microsoft.EntityFrameworkCore.Infrastructure|Entity Framework Core 2.0.0-rtm-26452 initialized 'LibraryContext' using provider 'Microsoft.EntityFrameworkCore.SqlServer' with options: None
2019-09-01 17:01:32.2719|INFO|Microsoft.EntityFrameworkCore.Database.Command|Executed DbCommand (2ms) [Parameters=[], CommandType='Text', CommandTimeout='30']
SELECT OBJECT_ID(N'__EFMigrationsHistory');
2019-09-01 17:01:32.3053|INFO|Microsoft.EntityFrameworkCore.Database.Command|Executed DbCommand (8ms) [Parameters=[], CommandType='Text', CommandTimeout='30']
SELECT OBJECT_ID(N'__EFMigrationsHistory');
2019-09-01 17:01:32.3195|INFO|Microsoft.EntityFrameworkCore.Database.Command|Executed DbCommand (0ms) [Parameters=[], CommandType='Text', CommandTimeout='30']
SELECT [MigrationId], [ProductVersion]
FROM [__EFMigrationsHistory]
ORDER BY [MigrationId];
2019-09-01 17:01:32.3359|INFO|Microsoft.EntityFrameworkCore.Migrations|No migrations were applied. The database is already up to date.
2019-09-01 17:01:32.4133|INFO|Microsoft.AspNetCore.Mvc.Internal.ControllerActionInvoker|Executing action method Library.API.Controllers.AuthorsController.GetAuthor (Library.API) with arguments (76053df4-6687-4353-8937-b45556748abe, id,name) - ModelState is Valid
2019-09-01 17:01:32.4392|INFO|Microsoft.EntityFrameworkCore.Database.Command|Executed DbCommand (0ms) [Parameters=[@__authorId_0='?'], CommandType='Text', CommandTimeout='30']
SELECT TOP(1) [a].[Id], [a].[DateOfBirth], [a].[FirstName], [a].[Genre], [a].[LastName]
FROM [Authors] AS [a]
WHERE [a].[Id] = @__authorId_0
2019-09-01 17:01:32.4680|INFO|Microsoft.AspNetCore.Mvc.Internal.ObjectResultExecutor|Executing ObjectResult, writing value Microsoft.AspNetCore.Mvc.ControllerContext.
2019-09-01 17:01:32.9562|INFO|Microsoft.AspNetCore.Mvc.Internal.ControllerActionInvoker|Executed action Library.API.Controllers.AuthorsController.GetAuthor (Library.API) in 550.2737ms
2019-09-01 17:01:33.0003|INFO|Microsoft.AspNetCore.Hosting.Internal.WebHost|Request finished in 814.504ms 200 application/json; charset=utf-8
2019-09-01 17:02:01.9148|INFO|Microsoft.AspNetCore.Hosting.Internal.WebHost|Request starting HTTP/1.1 GET http://localhost:6058/api/authors/76053df4-6687-4353-8937-b45556748abe?fields=id,name  
2019-09-01 17:02:02.1407|INFO|Microsoft.EntityFrameworkCore.Infrastructure|Entity Framework Core 2.0.0-rtm-26452 initialized 'LibraryContext' using provider 'Microsoft.EntityFrameworkCore.SqlServer' with options: None
2019-09-01 17:02:02.1757|INFO|Microsoft.EntityFrameworkCore.Database.Command|Executed DbCommand (2ms) [Parameters=[], CommandType='Text', CommandTimeout='30']
SELECT OBJECT_ID(N'__EFMigrationsHistory');
2019-09-01 17:02:02.2554|INFO|Microsoft.EntityFrameworkCore.Database.Command|Executed DbCommand (12ms) [Parameters=[], CommandType='Text', CommandTimeout='30']
SELECT OBJECT_ID(N'__EFMigrationsHistory');
2019-09-01 17:02:02.3039|INFO|Microsoft.EntityFrameworkCore.Database.Command|Executed DbCommand (1ms) [Parameters=[], CommandType='Text', CommandTimeout='30']
SELECT [MigrationId], [ProductVersion]
FROM [__EFMigrationsHistory]
ORDER BY [MigrationId];
2019-09-01 17:02:02.3249|INFO|Microsoft.EntityFrameworkCore.Migrations|No migrations were applied. The database is already up to date.
2019-09-01 17:02:02.3404|INFO|Microsoft.AspNetCore.Mvc.Internal.ControllerActionInvoker|Executing action method Library.API.Controllers.AuthorsController.GetAuthor (Library.API) with arguments (76053df4-6687-4353-8937-b45556748abe, id,name) - ModelState is Valid
2019-09-01 17:02:02.3604|INFO|Microsoft.EntityFrameworkCore.Database.Command|Executed DbCommand (0ms) [Parameters=[@__authorId_0='?'], CommandType='Text', CommandTimeout='30']
SELECT TOP(1) [a].[Id], [a].[DateOfBirth], [a].[FirstName], [a].[Genre], [a].[LastName]
FROM [Authors] AS [a]
WHERE [a].[Id] = @__authorId_0
2019-09-01 17:02:02.3754|INFO|Microsoft.AspNetCore.Mvc.Internal.ObjectResultExecutor|Executing ObjectResult, writing value Microsoft.AspNetCore.Mvc.ControllerContext.
2019-09-01 17:02:02.3936|INFO|Microsoft.AspNetCore.Mvc.Internal.ControllerActionInvoker|Executed action Library.API.Controllers.AuthorsController.GetAuthor (Library.API) in 257.6741ms
2019-09-01 17:02:02.4563|INFO|Microsoft.AspNetCore.Hosting.Internal.WebHost|Request finished in 501.6246ms 200 application/json; charset=utf-8
2019-09-01 17:04:43.6796|INFO|Microsoft.AspNetCore.Hosting.Internal.WebHost|Request starting HTTP/1.1 POST http://localhost:6058/api/authors application/json 112
2019-09-01 17:04:43.7100|INFO|Microsoft.EntityFrameworkCore.Infrastructure|Entity Framework Core 2.0.0-rtm-26452 initialized 'LibraryContext' using provider 'Microsoft.EntityFrameworkCore.SqlServer' with options: None
2019-09-01 17:04:43.7206|INFO|Microsoft.EntityFrameworkCore.Database.Command|Executed DbCommand (0ms) [Parameters=[], CommandType='Text', CommandTimeout='30']
SELECT OBJECT_ID(N'__EFMigrationsHistory');
2019-09-01 17:04:43.7206|INFO|Microsoft.EntityFrameworkCore.Database.Command|Executed DbCommand (0ms) [Parameters=[], CommandType='Text', CommandTimeout='30']
SELECT OBJECT_ID(N'__EFMigrationsHistory');
2019-09-01 17:04:43.7343|INFO|Microsoft.EntityFrameworkCore.Database.Command|Executed DbCommand (0ms) [Parameters=[], CommandType='Text', CommandTimeout='30']
SELECT [MigrationId], [ProductVersion]
FROM [__EFMigrationsHistory]
ORDER BY [MigrationId];
2019-09-01 17:04:43.7343|INFO|Microsoft.EntityFrameworkCore.Migrations|No migrations were applied. The database is already up to date.
2019-09-01 17:04:44.1079|INFO|Microsoft.AspNetCore.Mvc.Internal.ControllerActionInvoker|Executing action method Library.API.Controllers.AuthorsController.CreateAuthor (Library.API) with arguments (Library.API.Models.AuthorForCreationDto) - ModelState is Valid
2019-09-01 17:04:44.1519|INFO|Microsoft.EntityFrameworkCore.Database.Command|Executed DbCommand (1ms) [Parameters=[@p0='?', @p1='?', @p2='?' (Size = 50), @p3='?' (Size = 50), @p4='?' (Size = 50)], CommandType='Text', CommandTimeout='30']
SET NOCOUNT ON;
INSERT INTO [Authors] ([Id], [DateOfBirth], [FirstName], [Genre], [LastName])
VALUES (@p0, @p1, @p2, @p3, @p4);
2019-09-01 17:07:46.0115|INFO|Microsoft.AspNetCore.DataProtection.KeyManagement.XmlKeyManager|User profile is available. Using 'C:\Users\wcosta\AppData\Local\ASP.NET\DataProtection-Keys' as key repository and Windows DPAPI to encrypt keys at rest.
2019-09-01 17:07:46.8318|INFO|Microsoft.EntityFrameworkCore.Infrastructure|Entity Framework Core 2.0.0-rtm-26452 initialized 'LibraryContext' using provider 'Microsoft.EntityFrameworkCore.SqlServer' with options: None
2019-09-01 17:07:52.0494|INFO|Microsoft.EntityFrameworkCore.Database.Command|Executed DbCommand (117ms) [Parameters=[], CommandType='Text', CommandTimeout='30']
SELECT OBJECT_ID(N'__EFMigrationsHistory');
2019-09-01 17:07:52.3774|INFO|Microsoft.EntityFrameworkCore.Database.Command|Executed DbCommand (16ms) [Parameters=[], CommandType='Text', CommandTimeout='30']
SELECT OBJECT_ID(N'__EFMigrationsHistory');
2019-09-01 17:07:52.5368|INFO|Microsoft.EntityFrameworkCore.Database.Command|Executed DbCommand (23ms) [Parameters=[], CommandType='Text', CommandTimeout='30']
SELECT [MigrationId], [ProductVersion]
FROM [__EFMigrationsHistory]
ORDER BY [MigrationId];
2019-09-01 17:07:52.7448|INFO|Microsoft.EntityFrameworkCore.Migrations|No migrations were applied. The database is already up to date.
2019-09-01 17:07:53.4878|INFO|Microsoft.EntityFrameworkCore.Database.Command|Executed DbCommand (1ms) [Parameters=[], CommandType='Text', CommandTimeout='30']
SELECT [a].[Id], [a].[DateOfBirth], [a].[FirstName], [a].[Genre], [a].[LastName]
FROM [Authors] AS [a]
2019-09-01 17:07:53.6246|INFO|Microsoft.EntityFrameworkCore.Database.Command|Executed DbCommand (66ms) [Parameters=[@p0='?', @p1='?', @p2='?', @p3='?', @p4='?', @p5='?', @p6='?'], CommandType='Text', CommandTimeout='30']
SET NOCOUNT ON;
DELETE FROM [Authors]
WHERE [Id] = @p0;
SELECT @@ROWCOUNT;

DELETE FROM [Authors]
WHERE [Id] = @p1;
SELECT @@ROWCOUNT;

DELETE FROM [Authors]
WHERE [Id] = @p2;
SELECT @@ROWCOUNT;

DELETE FROM [Authors]
WHERE [Id] = @p3;
SELECT @@ROWCOUNT;

DELETE FROM [Authors]
WHERE [Id] = @p4;
SELECT @@ROWCOUNT;

DELETE FROM [Authors]
WHERE [Id] = @p5;
SELECT @@ROWCOUNT;

DELETE FROM [Authors]
WHERE [Id] = @p6;
SELECT @@ROWCOUNT;
2019-09-01 17:07:53.6704|INFO|Microsoft.EntityFrameworkCore.Database.Command|Executed DbCommand (2ms) [Parameters=[@p0='?', @p1='?', @p2='?' (Size = 50), @p3='?' (Size = 50), @p4='?' (Size = 50), @p5='?', @p6='?', @p7='?' (Size = 50), @p8='?' (Size = 50), @p9='?' (Size = 50), @p10='?', @p11='?', @p12='?' (Size = 50), @p13='?' (Size = 50), @p14='?' (Size = 50), @p15='?', @p16='?', @p17='?' (Size = 50), @p18='?' (Size = 50), @p19='?' (Size = 50), @p20='?', @p21='?', @p22='?' (Size = 50), @p23='?' (Size = 50), @p24='?' (Size = 50), @p25='?', @p26='?', @p27='?' (Size = 50), @p28='?' (Size = 50), @p29='?' (Size = 50)], CommandType='Text', CommandTimeout='30']
SET NOCOUNT ON;
INSERT INTO [Authors] ([Id], [DateOfBirth], [FirstName], [Genre], [LastName])
VALUES (@p0, @p1, @p2, @p3, @p4),
(@p5, @p6, @p7, @p8, @p9),
(@p10, @p11, @p12, @p13, @p14),
(@p15, @p16, @p17, @p18, @p19),
(@p20, @p21, @p22, @p23, @p24),
(@p25, @p26, @p27, @p28, @p29);
2019-09-01 17:07:53.6859|INFO|Microsoft.EntityFrameworkCore.Database.Command|Executed DbCommand (3ms) [Parameters=[@p30='?', @p31='?', @p32='?' (Size = 500), @p33='?' (Size = 100), @p34='?', @p35='?', @p36='?' (Size = 500), @p37='?' (Size = 100), @p38='?', @p39='?', @p40='?' (Size = 500), @p41='?' (Size = 100), @p42='?', @p43='?', @p44='?' (Size = 500), @p45='?' (Size = 100), @p46='?', @p47='?', @p48='?' (Size = 500), @p49='?' (Size = 100), @p50='?', @p51='?', @p52='?' (Size = 500), @p53='?' (Size = 100), @p54='?', @p55='?', @p56='?' (Size = 500), @p57='?' (Size = 100), @p58='?', @p59='?', @p60='?' (Size = 500), @p61='?' (Size = 100), @p62='?', @p63='?', @p64='?' (Size = 500), @p65='?' (Size = 100), @p66='?', @p67='?', @p68='?' (Size = 500), @p69='?' (Size = 100), @p70='?', @p71='?', @p72='?' (Size = 500), @p73='?' (Size = 100)], CommandType='Text', CommandTimeout='30']
SET NOCOUNT ON;
INSERT INTO [Books] ([Id], [AuthorId], [Description], [Title])
VALUES (@p30, @p31, @p32, @p33),
(@p34, @p35, @p36, @p37),
(@p38, @p39, @p40, @p41),
(@p42, @p43, @p44, @p45),
(@p46, @p47, @p48, @p49),
(@p50, @p51, @p52, @p53),
(@p54, @p55, @p56, @p57),
(@p58, @p59, @p60, @p61),
(@p62, @p63, @p64, @p65),
(@p66, @p67, @p68, @p69),
(@p70, @p71, @p72, @p73);
2019-09-01 17:07:54.2912|INFO|Microsoft.AspNetCore.Hosting.Internal.WebHost|Request starting HTTP/1.1 DEBUG http://localhost:6058/  0
2019-09-01 17:07:54.3010|INFO|Microsoft.AspNetCore.Hosting.Internal.WebHost|Request starting HTTP/1.1 POST http://localhost:6058/api/authors application/json 112
2019-09-01 17:07:54.4606|INFO|Microsoft.AspNetCore.Hosting.Internal.WebHost|Request finished in 188.8553ms 200 
2019-09-01 17:07:54.8290|INFO|Microsoft.EntityFrameworkCore.Infrastructure|Entity Framework Core 2.0.0-rtm-26452 initialized 'LibraryContext' using provider 'Microsoft.EntityFrameworkCore.SqlServer' with options: None
2019-09-01 17:07:54.8667|INFO|Microsoft.EntityFrameworkCore.Database.Command|Executed DbCommand (12ms) [Parameters=[], CommandType='Text', CommandTimeout='30']
SELECT OBJECT_ID(N'__EFMigrationsHistory');
2019-09-01 17:07:54.8866|INFO|Microsoft.EntityFrameworkCore.Database.Command|Executed DbCommand (0ms) [Parameters=[], CommandType='Text', CommandTimeout='30']
SELECT OBJECT_ID(N'__EFMigrationsHistory');
2019-09-01 17:07:54.9032|INFO|Microsoft.EntityFrameworkCore.Database.Command|Executed DbCommand (0ms) [Parameters=[], CommandType='Text', CommandTimeout='30']
SELECT [MigrationId], [ProductVersion]
FROM [__EFMigrationsHistory]
ORDER BY [MigrationId];
2019-09-01 17:07:54.9116|INFO|Microsoft.EntityFrameworkCore.Migrations|No migrations were applied. The database is already up to date.
2019-09-01 17:07:55.0575|INFO|Microsoft.AspNetCore.Mvc.Internal.ControllerActionInvoker|Executing action method Library.API.Controllers.AuthorsController.CreateAuthor (Library.API) with arguments (Library.API.Models.AuthorForCreationDto) - ModelState is Valid
2019-09-01 17:07:55.1038|INFO|Microsoft.EntityFrameworkCore.Database.Command|Executed DbCommand (0ms) [Parameters=[@p0='?', @p1='?', @p2='?' (Size = 50), @p3='?' (Size = 50), @p4='?' (Size = 50)], CommandType='Text', CommandTimeout='30']
SET NOCOUNT ON;
INSERT INTO [Authors] ([Id], [DateOfBirth], [FirstName], [Genre], [LastName])
VALUES (@p0, @p1, @p2, @p3, @p4);
2019-09-01 17:07:55.1689|INFO|Microsoft.AspNetCore.Mvc.Internal.ObjectResultExecutor|Executing ObjectResult, writing value Microsoft.AspNetCore.Mvc.ControllerContext.
2019-09-01 17:07:55.2251|INFO|Microsoft.AspNetCore.Mvc.Internal.ControllerActionInvoker|Executed action Library.API.Controllers.AuthorsController.CreateAuthor (Library.API) in 482.3699ms
2019-09-01 17:07:55.2522|INFO|Microsoft.AspNetCore.Hosting.Internal.WebHost|Request finished in 989.6802ms 201 application/json; charset=utf-8
2019-09-01 18:42:07.2777|INFO|Microsoft.AspNetCore.DataProtection.KeyManagement.XmlKeyManager|User profile is available. Using 'C:\Users\wcosta\AppData\Local\ASP.NET\DataProtection-Keys' as key repository and Windows DPAPI to encrypt keys at rest.
2019-09-01 18:42:08.7906|INFO|Microsoft.EntityFrameworkCore.Infrastructure|Entity Framework Core 2.0.0-rtm-26452 initialized 'LibraryContext' using provider 'Microsoft.EntityFrameworkCore.SqlServer' with options: None
2019-09-01 18:42:15.3988|INFO|Microsoft.EntityFrameworkCore.Database.Command|Executed DbCommand (277ms) [Parameters=[], CommandType='Text', CommandTimeout='30']
SELECT OBJECT_ID(N'__EFMigrationsHistory');
2019-09-01 18:42:15.4441|INFO|Microsoft.EntityFrameworkCore.Database.Command|Executed DbCommand (2ms) [Parameters=[], CommandType='Text', CommandTimeout='30']
SELECT OBJECT_ID(N'__EFMigrationsHistory');
2019-09-01 18:42:15.4969|INFO|Microsoft.EntityFrameworkCore.Database.Command|Executed DbCommand (5ms) [Parameters=[], CommandType='Text', CommandTimeout='30']
SELECT [MigrationId], [ProductVersion]
FROM [__EFMigrationsHistory]
ORDER BY [MigrationId];
2019-09-01 18:42:15.5620|INFO|Microsoft.EntityFrameworkCore.Migrations|No migrations were applied. The database is already up to date.
2019-09-01 18:42:16.9307|INFO|Microsoft.EntityFrameworkCore.Database.Command|Executed DbCommand (2ms) [Parameters=[], CommandType='Text', CommandTimeout='30']
SELECT [a].[Id], [a].[DateOfBirth], [a].[FirstName], [a].[Genre], [a].[LastName]
FROM [Authors] AS [a]
2019-09-01 18:42:17.2167|INFO|Microsoft.EntityFrameworkCore.Database.Command|Executed DbCommand (158ms) [Parameters=[@p0='?', @p1='?', @p2='?', @p3='?', @p4='?', @p5='?', @p6='?'], CommandType='Text', CommandTimeout='30']
SET NOCOUNT ON;
DELETE FROM [Authors]
WHERE [Id] = @p0;
SELECT @@ROWCOUNT;

DELETE FROM [Authors]
WHERE [Id] = @p1;
SELECT @@ROWCOUNT;

DELETE FROM [Authors]
WHERE [Id] = @p2;
SELECT @@ROWCOUNT;

DELETE FROM [Authors]
WHERE [Id] = @p3;
SELECT @@ROWCOUNT;

DELETE FROM [Authors]
WHERE [Id] = @p4;
SELECT @@ROWCOUNT;

DELETE FROM [Authors]
WHERE [Id] = @p5;
SELECT @@ROWCOUNT;

DELETE FROM [Authors]
WHERE [Id] = @p6;
SELECT @@ROWCOUNT;
2019-09-01 18:42:17.3775|INFO|Microsoft.EntityFrameworkCore.Database.Command|Executed DbCommand (14ms) [Parameters=[@p0='?', @p1='?', @p2='?' (Size = 50), @p3='?' (Size = 50), @p4='?' (Size = 50), @p5='?', @p6='?', @p7='?' (Size = 50), @p8='?' (Size = 50), @p9='?' (Size = 50), @p10='?', @p11='?', @p12='?' (Size = 50), @p13='?' (Size = 50), @p14='?' (Size = 50), @p15='?', @p16='?', @p17='?' (Size = 50), @p18='?' (Size = 50), @p19='?' (Size = 50), @p20='?', @p21='?', @p22='?' (Size = 50), @p23='?' (Size = 50), @p24='?' (Size = 50), @p25='?', @p26='?', @p27='?' (Size = 50), @p28='?' (Size = 50), @p29='?' (Size = 50)], CommandType='Text', CommandTimeout='30']
SET NOCOUNT ON;
INSERT INTO [Authors] ([Id], [DateOfBirth], [FirstName], [Genre], [LastName])
VALUES (@p0, @p1, @p2, @p3, @p4),
(@p5, @p6, @p7, @p8, @p9),
(@p10, @p11, @p12, @p13, @p14),
(@p15, @p16, @p17, @p18, @p19),
(@p20, @p21, @p22, @p23, @p24),
(@p25, @p26, @p27, @p28, @p29);
2019-09-01 18:42:17.4186|INFO|Microsoft.EntityFrameworkCore.Database.Command|Executed DbCommand (11ms) [Parameters=[@p30='?', @p31='?', @p32='?' (Size = 500), @p33='?' (Size = 100), @p34='?', @p35='?', @p36='?' (Size = 500), @p37='?' (Size = 100), @p38='?', @p39='?', @p40='?' (Size = 500), @p41='?' (Size = 100), @p42='?', @p43='?', @p44='?' (Size = 500), @p45='?' (Size = 100), @p46='?', @p47='?', @p48='?' (Size = 500), @p49='?' (Size = 100), @p50='?', @p51='?', @p52='?' (Size = 500), @p53='?' (Size = 100), @p54='?', @p55='?', @p56='?' (Size = 500), @p57='?' (Size = 100), @p58='?', @p59='?', @p60='?' (Size = 500), @p61='?' (Size = 100), @p62='?', @p63='?', @p64='?' (Size = 500), @p65='?' (Size = 100), @p66='?', @p67='?', @p68='?' (Size = 500), @p69='?' (Size = 100), @p70='?', @p71='?', @p72='?' (Size = 500), @p73='?' (Size = 100)], CommandType='Text', CommandTimeout='30']
SET NOCOUNT ON;
INSERT INTO [Books] ([Id], [AuthorId], [Description], [Title])
VALUES (@p30, @p31, @p32, @p33),
(@p34, @p35, @p36, @p37),
(@p38, @p39, @p40, @p41),
(@p42, @p43, @p44, @p45),
(@p46, @p47, @p48, @p49),
(@p50, @p51, @p52, @p53),
(@p54, @p55, @p56, @p57),
(@p58, @p59, @p60, @p61),
(@p62, @p63, @p64, @p65),
(@p66, @p67, @p68, @p69),
(@p70, @p71, @p72, @p73);
2019-09-01 18:42:18.6292|INFO|Microsoft.AspNetCore.Hosting.Internal.WebHost|Request starting HTTP/1.1 DEBUG http://localhost:6058/  0
2019-09-01 18:42:18.7882|INFO|Microsoft.AspNetCore.Hosting.Internal.WebHost|Request finished in 190.7458ms 200 
2019-09-01 18:42:57.9441|INFO|Microsoft.AspNetCore.Hosting.Internal.WebHost|Request starting HTTP/1.1 GET http://localhost:6058/api/authors  
2019-09-01 18:42:58.6761|INFO|Microsoft.EntityFrameworkCore.Infrastructure|Entity Framework Core 2.0.0-rtm-26452 initialized 'LibraryContext' using provider 'Microsoft.EntityFrameworkCore.SqlServer' with options: None
2019-09-01 18:42:58.7149|INFO|Microsoft.EntityFrameworkCore.Database.Command|Executed DbCommand (10ms) [Parameters=[], CommandType='Text', CommandTimeout='30']
SELECT OBJECT_ID(N'__EFMigrationsHistory');
2019-09-01 18:42:58.7454|INFO|Microsoft.EntityFrameworkCore.Database.Command|Executed DbCommand (0ms) [Parameters=[], CommandType='Text', CommandTimeout='30']
SELECT OBJECT_ID(N'__EFMigrationsHistory');
2019-09-01 18:42:58.7626|INFO|Microsoft.EntityFrameworkCore.Database.Command|Executed DbCommand (0ms) [Parameters=[], CommandType='Text', CommandTimeout='30']
SELECT [MigrationId], [ProductVersion]
FROM [__EFMigrationsHistory]
ORDER BY [MigrationId];
2019-09-01 18:42:58.7701|INFO|Microsoft.EntityFrameworkCore.Migrations|No migrations were applied. The database is already up to date.
2019-09-01 18:42:58.8654|INFO|Microsoft.AspNetCore.Mvc.Internal.ControllerActionInvoker|Executing action method Library.API.Controllers.AuthorsController.GetAuthors (Library.API) with arguments (Library.API.Helpers.AuthorsResourceParameters) - ModelState is Valid
2019-09-01 18:42:59.3693|INFO|Microsoft.EntityFrameworkCore.Database.Command|Executed DbCommand (0ms) [Parameters=[], CommandType='Text', CommandTimeout='30']
SELECT COUNT(*)
FROM [Authors] AS [a]
2019-09-01 18:42:59.4903|INFO|Microsoft.EntityFrameworkCore.Database.Command|Executed DbCommand (3ms) [Parameters=[@__p_0='?', @__p_1='?'], CommandType='Text', CommandTimeout='30']
SELECT [a].[Id], [a].[DateOfBirth], [a].[FirstName], [a].[Genre], [a].[LastName]
FROM [Authors] AS [a]
ORDER BY [a].[FirstName], [a].[LastName]
OFFSET @__p_0 ROWS FETCH NEXT @__p_1 ROWS ONLY
2019-09-01 18:43:00.2137|INFO|Microsoft.AspNetCore.Mvc.Internal.ObjectResultExecutor|Executing ObjectResult, writing value Microsoft.AspNetCore.Mvc.ControllerContext.
2019-09-01 18:43:00.5595|INFO|Microsoft.AspNetCore.Mvc.Internal.ControllerActionInvoker|Executed action Library.API.Controllers.AuthorsController.GetAuthors (Library.API) in 1880.7533ms
2019-09-01 18:43:00.7068|INFO|Microsoft.AspNetCore.Hosting.Internal.WebHost|Request finished in 2689.2005ms 200 application/json; charset=utf-8
2019-09-01 18:43:37.4352|INFO|Microsoft.AspNetCore.Hosting.Internal.WebHost|Request starting HTTP/1.1 GET http://localhost:6058/api/authors?orderBy=name&searchQuery=a&genre=Fantasy&pageNumber=1&pageSize=2&fields=id,name  
2019-09-01 18:43:37.4642|INFO|Microsoft.EntityFrameworkCore.Infrastructure|Entity Framework Core 2.0.0-rtm-26452 initialized 'LibraryContext' using provider 'Microsoft.EntityFrameworkCore.SqlServer' with options: None
2019-09-01 18:43:37.5041|INFO|Microsoft.EntityFrameworkCore.Database.Command|Executed DbCommand (2ms) [Parameters=[], CommandType='Text', CommandTimeout='30']
SELECT OBJECT_ID(N'__EFMigrationsHistory');
2019-09-01 18:43:37.5509|INFO|Microsoft.EntityFrameworkCore.Database.Command|Executed DbCommand (1ms) [Parameters=[], CommandType='Text', CommandTimeout='30']
SELECT OBJECT_ID(N'__EFMigrationsHistory');
2019-09-01 18:43:37.5812|INFO|Microsoft.EntityFrameworkCore.Database.Command|Executed DbCommand (0ms) [Parameters=[], CommandType='Text', CommandTimeout='30']
SELECT [MigrationId], [ProductVersion]
FROM [__EFMigrationsHistory]
ORDER BY [MigrationId];
2019-09-01 18:43:37.5812|INFO|Microsoft.EntityFrameworkCore.Migrations|No migrations were applied. The database is already up to date.
2019-09-01 18:43:37.6266|INFO|Microsoft.AspNetCore.Mvc.Internal.ControllerActionInvoker|Executing action method Library.API.Controllers.AuthorsController.GetAuthors (Library.API) with arguments (Library.API.Helpers.AuthorsResourceParameters) - ModelState is Valid
2019-09-01 18:43:37.7833|WARN|Microsoft.EntityFrameworkCore.Query|The LINQ expression 'where ([<generated>_3].Genre.ToLowerInvariant() == __genreForWhereClause_0)' could not be translated and will be evaluated locally.
2019-09-01 18:43:37.8489|WARN|Microsoft.EntityFrameworkCore.Query|The LINQ expression 'where (([<generated>_3].Genre.ToLowerInvariant().Contains(__searchQueryForWhereClause_1) OrElse [<generated>_3].FirstName.ToLowerInvariant().Contains(__searchQueryForWhereClause_2)) OrElse [<generated>_3].LastName.ToLowerInvariant().Contains(__searchQueryForWhereClause_3))' could not be translated and will be evaluated locally.
2019-09-01 18:43:38.0285|WARN|Microsoft.EntityFrameworkCore.Query|The LINQ expression 'Count()' could not be translated and will be evaluated locally.
2019-09-01 18:43:38.3076|INFO|Microsoft.EntityFrameworkCore.Database.Command|Executed DbCommand (9ms) [Parameters=[], CommandType='Text', CommandTimeout='30']
SELECT [a].[Genre], [a].[FirstName], [a].[LastName]
FROM [Authors] AS [a]
2019-09-01 18:43:38.3591|WARN|Microsoft.EntityFrameworkCore.Query|The LINQ expression 'where ([<generated>_4].Genre.ToLowerInvariant() == __genreForWhereClause_0)' could not be translated and will be evaluated locally.
2019-09-01 18:43:38.3838|WARN|Microsoft.EntityFrameworkCore.Query|The LINQ expression 'where (([<generated>_4].Genre.ToLowerInvariant().Contains(__searchQueryForWhereClause_1) OrElse [<generated>_4].FirstName.ToLowerInvariant().Contains(__searchQueryForWhereClause_2)) OrElse [<generated>_4].LastName.ToLowerInvariant().Contains(__searchQueryForWhereClause_3))' could not be translated and will be evaluated locally.
2019-09-01 18:43:38.4031|WARN|Microsoft.EntityFrameworkCore.Query|The LINQ expression 'Skip(__p_4)' could not be translated and will be evaluated locally.
2019-09-01 18:43:38.4154|WARN|Microsoft.EntityFrameworkCore.Query|The LINQ expression 'Take(__p_5)' could not be translated and will be evaluated locally.
2019-09-01 18:43:38.4344|INFO|Microsoft.EntityFrameworkCore.Database.Command|Executed DbCommand (1ms) [Parameters=[], CommandType='Text', CommandTimeout='30']
SELECT [a].[Id], [a].[DateOfBirth], [a].[FirstName], [a].[Genre], [a].[LastName]
FROM [Authors] AS [a]
ORDER BY [a].[FirstName], [a].[LastName]
2019-09-01 18:43:38.4442|INFO|Microsoft.AspNetCore.Mvc.Internal.ObjectResultExecutor|Executing ObjectResult, writing value Microsoft.AspNetCore.Mvc.ControllerContext.
2019-09-01 18:43:38.4560|INFO|Microsoft.AspNetCore.Mvc.Internal.ControllerActionInvoker|Executed action Library.API.Controllers.AuthorsController.GetAuthors (Library.API) in 1000.3169ms
2019-09-01 18:43:38.4828|INFO|Microsoft.AspNetCore.Hosting.Internal.WebHost|Request finished in 1032.2188ms 200 application/json; charset=utf-8
2019-09-01 18:45:12.9786|INFO|Microsoft.AspNetCore.Hosting.Internal.WebHost|Request starting HTTP/1.1 GET http://localhost:6058/api/authors?orderBy=name&searchQuery=a&genre=Fantasy&pageNumber=1&pageSize=1&fields=id,name  
2019-09-01 18:45:13.1392|INFO|Microsoft.EntityFrameworkCore.Infrastructure|Entity Framework Core 2.0.0-rtm-26452 initialized 'LibraryContext' using provider 'Microsoft.EntityFrameworkCore.SqlServer' with options: None
2019-09-01 18:45:13.2846|INFO|Microsoft.EntityFrameworkCore.Database.Command|Executed DbCommand (2ms) [Parameters=[], CommandType='Text', CommandTimeout='30']
SELECT OBJECT_ID(N'__EFMigrationsHistory');
2019-09-01 18:45:13.4083|INFO|Microsoft.EntityFrameworkCore.Database.Command|Executed DbCommand (9ms) [Parameters=[], CommandType='Text', CommandTimeout='30']
SELECT OBJECT_ID(N'__EFMigrationsHistory');
2019-09-01 18:45:13.5500|INFO|Microsoft.EntityFrameworkCore.Database.Command|Executed DbCommand (9ms) [Parameters=[], CommandType='Text', CommandTimeout='30']
SELECT [MigrationId], [ProductVersion]
FROM [__EFMigrationsHistory]
ORDER BY [MigrationId];
2019-09-01 18:45:13.6548|INFO|Microsoft.EntityFrameworkCore.Migrations|No migrations were applied. The database is already up to date.
2019-09-01 18:45:13.7486|INFO|Microsoft.AspNetCore.Mvc.Internal.ControllerActionInvoker|Executing action method Library.API.Controllers.AuthorsController.GetAuthors (Library.API) with arguments (Library.API.Helpers.AuthorsResourceParameters) - ModelState is Valid
2019-09-01 18:45:13.8151|INFO|Microsoft.EntityFrameworkCore.Database.Command|Executed DbCommand (0ms) [Parameters=[], CommandType='Text', CommandTimeout='30']
SELECT [a].[Genre], [a].[FirstName], [a].[LastName]
FROM [Authors] AS [a]
2019-09-01 18:45:13.8994|INFO|Microsoft.EntityFrameworkCore.Database.Command|Executed DbCommand (10ms) [Parameters=[], CommandType='Text', CommandTimeout='30']
SELECT [a].[Id], [a].[DateOfBirth], [a].[FirstName], [a].[Genre], [a].[LastName]
FROM [Authors] AS [a]
ORDER BY [a].[FirstName], [a].[LastName]
2019-09-01 18:45:13.9313|INFO|Microsoft.AspNetCore.Mvc.Internal.ObjectResultExecutor|Executing ObjectResult, writing value Microsoft.AspNetCore.Mvc.ControllerContext.
2019-09-01 18:45:13.9601|INFO|Microsoft.AspNetCore.Mvc.Internal.ControllerActionInvoker|Executed action Library.API.Controllers.AuthorsController.GetAuthors (Library.API) in 894.7545ms
2019-09-01 18:45:13.9925|INFO|Microsoft.AspNetCore.Hosting.Internal.WebHost|Request finished in 1050.9177ms 200 application/json; charset=utf-8
2019-09-01 18:45:23.5672|INFO|Microsoft.AspNetCore.Hosting.Internal.WebHost|Request starting HTTP/1.1 GET http://localhost:6058/api/authors?fields=id,name&orderBy=name&searchQuery=a&genre=Fantasy&pageNumber=2&pageSize=1  
2019-09-01 18:45:23.5788|INFO|Microsoft.EntityFrameworkCore.Infrastructure|Entity Framework Core 2.0.0-rtm-26452 initialized 'LibraryContext' using provider 'Microsoft.EntityFrameworkCore.SqlServer' with options: None
2019-09-01 18:45:23.5985|INFO|Microsoft.EntityFrameworkCore.Database.Command|Executed DbCommand (0ms) [Parameters=[], CommandType='Text', CommandTimeout='30']
SELECT OBJECT_ID(N'__EFMigrationsHistory');
2019-09-01 18:45:23.6255|INFO|Microsoft.EntityFrameworkCore.Database.Command|Executed DbCommand (2ms) [Parameters=[], CommandType='Text', CommandTimeout='30']
SELECT OBJECT_ID(N'__EFMigrationsHistory');
2019-09-01 18:45:23.6714|INFO|Microsoft.EntityFrameworkCore.Database.Command|Executed DbCommand (0ms) [Parameters=[], CommandType='Text', CommandTimeout='30']
SELECT [MigrationId], [ProductVersion]
FROM [__EFMigrationsHistory]
ORDER BY [MigrationId];
2019-09-01 18:45:23.6909|INFO|Microsoft.EntityFrameworkCore.Migrations|No migrations were applied. The database is already up to date.
2019-09-01 18:45:23.7084|INFO|Microsoft.AspNetCore.Mvc.Internal.ControllerActionInvoker|Executing action method Library.API.Controllers.AuthorsController.GetAuthors (Library.API) with arguments (Library.API.Helpers.AuthorsResourceParameters) - ModelState is Valid
2019-09-01 18:45:23.7200|INFO|Microsoft.EntityFrameworkCore.Database.Command|Executed DbCommand (0ms) [Parameters=[], CommandType='Text', CommandTimeout='30']
SELECT [a].[Genre], [a].[FirstName], [a].[LastName]
FROM [Authors] AS [a]
2019-09-01 18:45:23.7200|INFO|Microsoft.EntityFrameworkCore.Database.Command|Executed DbCommand (0ms) [Parameters=[], CommandType='Text', CommandTimeout='30']
SELECT [a].[Id], [a].[DateOfBirth], [a].[FirstName], [a].[Genre], [a].[LastName]
FROM [Authors] AS [a]
ORDER BY [a].[FirstName], [a].[LastName]
2019-09-01 18:45:23.7526|INFO|Microsoft.AspNetCore.Mvc.Internal.ObjectResultExecutor|Executing ObjectResult, writing value Microsoft.AspNetCore.Mvc.ControllerContext.
2019-09-01 18:45:23.7526|INFO|Microsoft.AspNetCore.Mvc.Internal.ControllerActionInvoker|Executed action Library.API.Controllers.AuthorsController.GetAuthors (Library.API) in 184.3215ms
2019-09-01 18:45:23.7835|INFO|Microsoft.AspNetCore.Hosting.Internal.WebHost|Request finished in 205.8042ms 200 application/json; charset=utf-8
2019-09-01 18:45:29.5485|INFO|Microsoft.AspNetCore.Hosting.Internal.WebHost|Request starting HTTP/1.1 GET http://localhost:6058/api/authors?fields=id,name&orderBy=name&searchQuery=a&genre=Fantasy&pageNumber=1&pageSize=1  
2019-09-01 18:45:29.8745|INFO|Microsoft.EntityFrameworkCore.Infrastructure|Entity Framework Core 2.0.0-rtm-26452 initialized 'LibraryContext' using provider 'Microsoft.EntityFrameworkCore.SqlServer' with options: None
2019-09-01 18:45:30.0313|INFO|Microsoft.EntityFrameworkCore.Database.Command|Executed DbCommand (20ms) [Parameters=[], CommandType='Text', CommandTimeout='30']
SELECT OBJECT_ID(N'__EFMigrationsHistory');
2019-09-01 18:45:30.1834|INFO|Microsoft.EntityFrameworkCore.Database.Command|Executed DbCommand (11ms) [Parameters=[], CommandType='Text', CommandTimeout='30']
SELECT OBJECT_ID(N'__EFMigrationsHistory');
2019-09-01 18:45:30.3013|INFO|Microsoft.EntityFrameworkCore.Database.Command|Executed DbCommand (5ms) [Parameters=[], CommandType='Text', CommandTimeout='30']
SELECT [MigrationId], [ProductVersion]
FROM [__EFMigrationsHistory]
ORDER BY [MigrationId];
2019-09-01 18:45:30.4034|INFO|Microsoft.EntityFrameworkCore.Migrations|No migrations were applied. The database is already up to date.
2019-09-01 18:45:30.4443|INFO|Microsoft.AspNetCore.Mvc.Internal.ControllerActionInvoker|Executing action method Library.API.Controllers.AuthorsController.GetAuthors (Library.API) with arguments (Library.API.Helpers.AuthorsResourceParameters) - ModelState is Valid
2019-09-01 18:45:30.4978|INFO|Microsoft.EntityFrameworkCore.Database.Command|Executed DbCommand (3ms) [Parameters=[], CommandType='Text', CommandTimeout='30']
SELECT [a].[Genre], [a].[FirstName], [a].[LastName]
FROM [Authors] AS [a]
2019-09-01 18:45:30.5396|INFO|Microsoft.EntityFrameworkCore.Database.Command|Executed DbCommand (5ms) [Parameters=[], CommandType='Text', CommandTimeout='30']
SELECT [a].[Id], [a].[DateOfBirth], [a].[FirstName], [a].[Genre], [a].[LastName]
FROM [Authors] AS [a]
ORDER BY [a].[FirstName], [a].[LastName]
2019-09-01 18:45:30.5934|INFO|Microsoft.AspNetCore.Mvc.Internal.ObjectResultExecutor|Executing ObjectResult, writing value Microsoft.AspNetCore.Mvc.ControllerContext.
2019-09-01 18:45:30.6733|INFO|Microsoft.AspNetCore.Mvc.Internal.ControllerActionInvoker|Executed action Library.API.Controllers.AuthorsController.GetAuthors (Library.API) in 941.778ms
2019-09-01 18:45:30.7744|INFO|Microsoft.AspNetCore.Hosting.Internal.WebHost|Request finished in 1255.5551ms 200 application/json; charset=utf-8
2019-09-01 18:45:42.9701|INFO|Microsoft.AspNetCore.Hosting.Internal.WebHost|Request starting HTTP/1.1 GET http://localhost:6058/api/authors?fields=id,name&orderBy=name&searchQuery=a&genre=Fantasy&pageNumber=2&pageSize=1  
2019-09-01 18:45:43.0116|INFO|Microsoft.EntityFrameworkCore.Infrastructure|Entity Framework Core 2.0.0-rtm-26452 initialized 'LibraryContext' using provider 'Microsoft.EntityFrameworkCore.SqlServer' with options: None
2019-09-01 18:45:43.0660|INFO|Microsoft.EntityFrameworkCore.Database.Command|Executed DbCommand (3ms) [Parameters=[], CommandType='Text', CommandTimeout='30']
SELECT OBJECT_ID(N'__EFMigrationsHistory');
2019-09-01 18:45:43.0937|INFO|Microsoft.EntityFrameworkCore.Database.Command|Executed DbCommand (0ms) [Parameters=[], CommandType='Text', CommandTimeout='30']
SELECT OBJECT_ID(N'__EFMigrationsHistory');
2019-09-01 18:45:43.1130|INFO|Microsoft.EntityFrameworkCore.Database.Command|Executed DbCommand (0ms) [Parameters=[], CommandType='Text', CommandTimeout='30']
SELECT [MigrationId], [ProductVersion]
FROM [__EFMigrationsHistory]
ORDER BY [MigrationId];
2019-09-01 18:45:43.1130|INFO|Microsoft.EntityFrameworkCore.Migrations|No migrations were applied. The database is already up to date.
2019-09-01 18:45:43.1324|INFO|Microsoft.AspNetCore.Mvc.Internal.ControllerActionInvoker|Executing action method Library.API.Controllers.AuthorsController.GetAuthors (Library.API) with arguments (Library.API.Helpers.AuthorsResourceParameters) - ModelState is Valid
2019-09-01 18:45:43.1465|INFO|Microsoft.EntityFrameworkCore.Database.Command|Executed DbCommand (0ms) [Parameters=[], CommandType='Text', CommandTimeout='30']
SELECT [a].[Genre], [a].[FirstName], [a].[LastName]
FROM [Authors] AS [a]
2019-09-01 18:45:43.1615|INFO|Microsoft.EntityFrameworkCore.Database.Command|Executed DbCommand (0ms) [Parameters=[], CommandType='Text', CommandTimeout='30']
SELECT [a].[Id], [a].[DateOfBirth], [a].[FirstName], [a].[Genre], [a].[LastName]
FROM [Authors] AS [a]
ORDER BY [a].[FirstName], [a].[LastName]
2019-09-01 18:45:43.1786|INFO|Microsoft.AspNetCore.Mvc.Internal.ObjectResultExecutor|Executing ObjectResult, writing value Microsoft.AspNetCore.Mvc.ControllerContext.
2019-09-01 18:45:43.1923|INFO|Microsoft.AspNetCore.Mvc.Internal.ControllerActionInvoker|Executed action Library.API.Controllers.AuthorsController.GetAuthors (Library.API) in 187.2187ms
2019-09-01 18:45:43.2109|INFO|Microsoft.AspNetCore.Hosting.Internal.WebHost|Request finished in 247.7101ms 200 application/json; charset=utf-8
2019-09-01 18:46:24.6296|INFO|Microsoft.AspNetCore.Hosting.Internal.WebHost|Request starting HTTP/1.1 GET http://localhost:6058/api/authors?orderBy=name&searchQuery=a&genre=Fantasy&pageNumber=1&pageSize=1  
2019-09-01 18:46:24.6632|INFO|Microsoft.EntityFrameworkCore.Infrastructure|Entity Framework Core 2.0.0-rtm-26452 initialized 'LibraryContext' using provider 'Microsoft.EntityFrameworkCore.SqlServer' with options: None
2019-09-01 18:46:24.7336|INFO|Microsoft.EntityFrameworkCore.Database.Command|Executed DbCommand (5ms) [Parameters=[], CommandType='Text', CommandTimeout='30']
SELECT OBJECT_ID(N'__EFMigrationsHistory');
2019-09-01 18:46:24.7747|INFO|Microsoft.EntityFrameworkCore.Database.Command|Executed DbCommand (0ms) [Parameters=[], CommandType='Text', CommandTimeout='30']
SELECT OBJECT_ID(N'__EFMigrationsHistory');
2019-09-01 18:46:24.8175|INFO|Microsoft.EntityFrameworkCore.Database.Command|Executed DbCommand (0ms) [Parameters=[], CommandType='Text', CommandTimeout='30']
SELECT [MigrationId], [ProductVersion]
FROM [__EFMigrationsHistory]
ORDER BY [MigrationId];
2019-09-01 18:46:24.8777|INFO|Microsoft.EntityFrameworkCore.Migrations|No migrations were applied. The database is already up to date.
2019-09-01 18:46:24.9244|INFO|Microsoft.AspNetCore.Mvc.Internal.ControllerActionInvoker|Executing action method Library.API.Controllers.AuthorsController.GetAuthors (Library.API) with arguments (Library.API.Helpers.AuthorsResourceParameters) - ModelState is Valid
2019-09-01 18:46:24.9548|INFO|Microsoft.EntityFrameworkCore.Database.Command|Executed DbCommand (0ms) [Parameters=[], CommandType='Text', CommandTimeout='30']
SELECT [a].[Genre], [a].[FirstName], [a].[LastName]
FROM [Authors] AS [a]
2019-09-01 18:46:25.0471|INFO|Microsoft.EntityFrameworkCore.Database.Command|Executed DbCommand (27ms) [Parameters=[], CommandType='Text', CommandTimeout='30']
SELECT [a].[Id], [a].[DateOfBirth], [a].[FirstName], [a].[Genre], [a].[LastName]
FROM [Authors] AS [a]
ORDER BY [a].[FirstName], [a].[LastName]
2019-09-01 18:46:25.0471|INFO|Microsoft.AspNetCore.Mvc.Internal.ObjectResultExecutor|Executing ObjectResult, writing value Microsoft.AspNetCore.Mvc.ControllerContext.
2019-09-01 18:46:25.0840|INFO|Microsoft.AspNetCore.Mvc.Internal.ControllerActionInvoker|Executed action Library.API.Controllers.AuthorsController.GetAuthors (Library.API) in 417.2176ms
2019-09-01 18:46:25.1374|INFO|Microsoft.AspNetCore.Hosting.Internal.WebHost|Request finished in 482.5479ms 200 application/json; charset=utf-8
2019-09-01 19:08:21.3357|INFO|Microsoft.AspNetCore.DataProtection.KeyManagement.XmlKeyManager|User profile is available. Using 'C:\Users\wcosta\AppData\Local\ASP.NET\DataProtection-Keys' as key repository and Windows DPAPI to encrypt keys at rest.
2019-09-01 19:08:22.1293|INFO|Microsoft.EntityFrameworkCore.Infrastructure|Entity Framework Core 2.0.0-rtm-26452 initialized 'LibraryContext' using provider 'Microsoft.EntityFrameworkCore.SqlServer' with options: None
2019-09-01 19:08:27.1398|INFO|Microsoft.EntityFrameworkCore.Database.Command|Executed DbCommand (30ms) [Parameters=[], CommandType='Text', CommandTimeout='30']
SELECT OBJECT_ID(N'__EFMigrationsHistory');
2019-09-01 19:08:27.1912|INFO|Microsoft.EntityFrameworkCore.Database.Command|Executed DbCommand (1ms) [Parameters=[], CommandType='Text', CommandTimeout='30']
SELECT OBJECT_ID(N'__EFMigrationsHistory');
2019-09-01 19:08:27.2549|INFO|Microsoft.EntityFrameworkCore.Database.Command|Executed DbCommand (4ms) [Parameters=[], CommandType='Text', CommandTimeout='30']
SELECT [MigrationId], [ProductVersion]
FROM [__EFMigrationsHistory]
ORDER BY [MigrationId];
2019-09-01 19:08:27.2904|INFO|Microsoft.EntityFrameworkCore.Migrations|No migrations were applied. The database is already up to date.
2019-09-01 19:08:28.3608|INFO|Microsoft.EntityFrameworkCore.Database.Command|Executed DbCommand (4ms) [Parameters=[], CommandType='Text', CommandTimeout='30']
SELECT [a].[Id], [a].[DateOfBirth], [a].[FirstName], [a].[Genre], [a].[LastName]
FROM [Authors] AS [a]
2019-09-01 19:08:28.8012|INFO|Microsoft.EntityFrameworkCore.Database.Command|Executed DbCommand (113ms) [Parameters=[@p0='?', @p1='?', @p2='?', @p3='?', @p4='?', @p5='?'], CommandType='Text', CommandTimeout='30']
SET NOCOUNT ON;
DELETE FROM [Authors]
WHERE [Id] = @p0;
SELECT @@ROWCOUNT;

DELETE FROM [Authors]
WHERE [Id] = @p1;
SELECT @@ROWCOUNT;

DELETE FROM [Authors]
WHERE [Id] = @p2;
SELECT @@ROWCOUNT;

DELETE FROM [Authors]
WHERE [Id] = @p3;
SELECT @@ROWCOUNT;

DELETE FROM [Authors]
WHERE [Id] = @p4;
SELECT @@ROWCOUNT;

DELETE FROM [Authors]
WHERE [Id] = @p5;
SELECT @@ROWCOUNT;
2019-09-01 19:08:28.9397|INFO|Microsoft.EntityFrameworkCore.Database.Command|Executed DbCommand (29ms) [Parameters=[@p0='?', @p1='?', @p2='?' (Size = 50), @p3='?' (Size = 50), @p4='?' (Size = 50), @p5='?', @p6='?', @p7='?' (Size = 50), @p8='?' (Size = 50), @p9='?' (Size = 50), @p10='?', @p11='?', @p12='?' (Size = 50), @p13='?' (Size = 50), @p14='?' (Size = 50), @p15='?', @p16='?', @p17='?' (Size = 50), @p18='?' (Size = 50), @p19='?' (Size = 50), @p20='?', @p21='?', @p22='?' (Size = 50), @p23='?' (Size = 50), @p24='?' (Size = 50), @p25='?', @p26='?', @p27='?' (Size = 50), @p28='?' (Size = 50), @p29='?' (Size = 50)], CommandType='Text', CommandTimeout='30']
SET NOCOUNT ON;
INSERT INTO [Authors] ([Id], [DateOfBirth], [FirstName], [Genre], [LastName])
VALUES (@p0, @p1, @p2, @p3, @p4),
(@p5, @p6, @p7, @p8, @p9),
(@p10, @p11, @p12, @p13, @p14),
(@p15, @p16, @p17, @p18, @p19),
(@p20, @p21, @p22, @p23, @p24),
(@p25, @p26, @p27, @p28, @p29);
2019-09-01 19:08:28.9827|INFO|Microsoft.EntityFrameworkCore.Database.Command|Executed DbCommand (12ms) [Parameters=[@p30='?', @p31='?', @p32='?' (Size = 500), @p33='?' (Size = 100), @p34='?', @p35='?', @p36='?' (Size = 500), @p37='?' (Size = 100), @p38='?', @p39='?', @p40='?' (Size = 500), @p41='?' (Size = 100), @p42='?', @p43='?', @p44='?' (Size = 500), @p45='?' (Size = 100), @p46='?', @p47='?', @p48='?' (Size = 500), @p49='?' (Size = 100), @p50='?', @p51='?', @p52='?' (Size = 500), @p53='?' (Size = 100), @p54='?', @p55='?', @p56='?' (Size = 500), @p57='?' (Size = 100), @p58='?', @p59='?', @p60='?' (Size = 500), @p61='?' (Size = 100), @p62='?', @p63='?', @p64='?' (Size = 500), @p65='?' (Size = 100), @p66='?', @p67='?', @p68='?' (Size = 500), @p69='?' (Size = 100), @p70='?', @p71='?', @p72='?' (Size = 500), @p73='?' (Size = 100)], CommandType='Text', CommandTimeout='30']
SET NOCOUNT ON;
INSERT INTO [Books] ([Id], [AuthorId], [Description], [Title])
VALUES (@p30, @p31, @p32, @p33),
(@p34, @p35, @p36, @p37),
(@p38, @p39, @p40, @p41),
(@p42, @p43, @p44, @p45),
(@p46, @p47, @p48, @p49),
(@p50, @p51, @p52, @p53),
(@p54, @p55, @p56, @p57),
(@p58, @p59, @p60, @p61),
(@p62, @p63, @p64, @p65),
(@p66, @p67, @p68, @p69),
(@p70, @p71, @p72, @p73);
2019-09-01 19:08:29.9463|INFO|Microsoft.AspNetCore.Hosting.Internal.WebHost|Request starting HTTP/1.1 DEBUG http://localhost:6058/  0
2019-09-01 19:08:30.0608|INFO|Microsoft.AspNetCore.Hosting.Internal.WebHost|Request finished in 135.0322ms 200 
2019-09-01 19:11:02.0705|INFO|Microsoft.AspNetCore.Hosting.Internal.WebHost|Request starting HTTP/1.1 GET http://localhost:6058/api/authors  
2019-09-01 19:11:02.7002|INFO|Microsoft.EntityFrameworkCore.Infrastructure|Entity Framework Core 2.0.0-rtm-26452 initialized 'LibraryContext' using provider 'Microsoft.EntityFrameworkCore.SqlServer' with options: None
2019-09-01 19:11:02.7399|INFO|Microsoft.EntityFrameworkCore.Database.Command|Executed DbCommand (17ms) [Parameters=[], CommandType='Text', CommandTimeout='30']
SELECT OBJECT_ID(N'__EFMigrationsHistory');
2019-09-01 19:11:02.7693|INFO|Microsoft.EntityFrameworkCore.Database.Command|Executed DbCommand (1ms) [Parameters=[], CommandType='Text', CommandTimeout='30']
SELECT OBJECT_ID(N'__EFMigrationsHistory');
2019-09-01 19:11:02.7882|INFO|Microsoft.EntityFrameworkCore.Database.Command|Executed DbCommand (0ms) [Parameters=[], CommandType='Text', CommandTimeout='30']
SELECT [MigrationId], [ProductVersion]
FROM [__EFMigrationsHistory]
ORDER BY [MigrationId];
2019-09-01 19:11:02.8014|INFO|Microsoft.EntityFrameworkCore.Migrations|No migrations were applied. The database is already up to date.
2019-09-01 19:11:02.9041|INFO|Microsoft.AspNetCore.Mvc.Internal.ControllerActionInvoker|Executing action method Library.API.Controllers.AuthorsController.GetAuthors (Library.API) with arguments (Library.API.Helpers.AuthorsResourceParameters, application/json) - ModelState is Valid
2019-09-01 19:11:03.1228|INFO|Microsoft.EntityFrameworkCore.Database.Command|Executed DbCommand (1ms) [Parameters=[], CommandType='Text', CommandTimeout='30']
SELECT COUNT(*)
FROM [Authors] AS [a]
2019-09-01 19:11:03.1574|INFO|Microsoft.EntityFrameworkCore.Database.Command|Executed DbCommand (1ms) [Parameters=[@__p_0='?', @__p_1='?'], CommandType='Text', CommandTimeout='30']
SELECT [a].[Id], [a].[DateOfBirth], [a].[FirstName], [a].[Genre], [a].[LastName]
FROM [Authors] AS [a]
ORDER BY [a].[FirstName], [a].[LastName]
OFFSET @__p_0 ROWS FETCH NEXT @__p_1 ROWS ONLY
2019-09-01 19:11:03.3035|INFO|Microsoft.AspNetCore.Mvc.Internal.ObjectResultExecutor|Executing ObjectResult, writing value Microsoft.AspNetCore.Mvc.ControllerContext.
2019-09-01 19:11:03.3859|INFO|Microsoft.AspNetCore.Mvc.Internal.ControllerActionInvoker|Executed action Library.API.Controllers.AuthorsController.GetAuthors (Library.API) in 698.8926ms
2019-09-01 19:11:03.4020|INFO|Microsoft.AspNetCore.Hosting.Internal.WebHost|Request finished in 1341.0974ms 200 application/json; charset=utf-8
2019-09-01 19:14:40.5195|INFO|Microsoft.AspNetCore.Hosting.Internal.WebHost|Request starting HTTP/1.1 GET http://localhost:6058/api/authors  
2019-09-01 19:14:40.5642|INFO|Microsoft.EntityFrameworkCore.Infrastructure|Entity Framework Core 2.0.0-rtm-26452 initialized 'LibraryContext' using provider 'Microsoft.EntityFrameworkCore.SqlServer' with options: None
2019-09-01 19:14:40.5945|INFO|Microsoft.EntityFrameworkCore.Database.Command|Executed DbCommand (2ms) [Parameters=[], CommandType='Text', CommandTimeout='30']
SELECT OBJECT_ID(N'__EFMigrationsHistory');
2019-09-01 19:14:40.6144|INFO|Microsoft.EntityFrameworkCore.Database.Command|Executed DbCommand (0ms) [Parameters=[], CommandType='Text', CommandTimeout='30']
SELECT OBJECT_ID(N'__EFMigrationsHistory');
2019-09-01 19:14:40.6482|INFO|Microsoft.EntityFrameworkCore.Database.Command|Executed DbCommand (0ms) [Parameters=[], CommandType='Text', CommandTimeout='30']
SELECT [MigrationId], [ProductVersion]
FROM [__EFMigrationsHistory]
ORDER BY [MigrationId];
2019-09-01 19:14:40.6597|INFO|Microsoft.EntityFrameworkCore.Migrations|No migrations were applied. The database is already up to date.
2019-09-01 19:14:40.6924|INFO|Microsoft.AspNetCore.Mvc.Internal.ControllerActionInvoker|Executing action method Library.API.Controllers.AuthorsController.GetAuthors (Library.API) with arguments (Library.API.Helpers.AuthorsResourceParameters, application/vnd.marvin.hateoas+json) - ModelState is Valid
2019-09-01 19:14:40.7041|INFO|Microsoft.EntityFrameworkCore.Database.Command|Executed DbCommand (0ms) [Parameters=[], CommandType='Text', CommandTimeout='30']
SELECT COUNT(*)
FROM [Authors] AS [a]
2019-09-01 19:14:40.7178|INFO|Microsoft.EntityFrameworkCore.Database.Command|Executed DbCommand (0ms) [Parameters=[@__p_0='?', @__p_1='?'], CommandType='Text', CommandTimeout='30']
SELECT [a].[Id], [a].[DateOfBirth], [a].[FirstName], [a].[Genre], [a].[LastName]
FROM [Authors] AS [a]
ORDER BY [a].[FirstName], [a].[LastName]
OFFSET @__p_0 ROWS FETCH NEXT @__p_1 ROWS ONLY
2019-09-01 19:14:40.8403|WARN|Microsoft.AspNetCore.Mvc.Internal.ObjectResultExecutor|No output formatter was found for content type 'application/vnd.marvin.hateoas+json' to write the response.
2019-09-01 19:14:40.8403|INFO|Microsoft.AspNetCore.Mvc.Internal.ControllerActionInvoker|Executed action Library.API.Controllers.AuthorsController.GetAuthors (Library.API) in 307.7171ms
2019-09-01 19:14:40.8587|INFO|Microsoft.AspNetCore.Hosting.Internal.WebHost|Request finished in 337.1265ms 406 
2019-09-01 19:26:17.3644|INFO|Microsoft.AspNetCore.DataProtection.KeyManagement.XmlKeyManager|User profile is available. Using 'C:\Users\wcosta\AppData\Local\ASP.NET\DataProtection-Keys' as key repository and Windows DPAPI to encrypt keys at rest.
2019-09-01 19:26:17.9528|INFO|Microsoft.EntityFrameworkCore.Infrastructure|Entity Framework Core 2.0.0-rtm-26452 initialized 'LibraryContext' using provider 'Microsoft.EntityFrameworkCore.SqlServer' with options: None
2019-09-01 19:26:23.2554|INFO|Microsoft.EntityFrameworkCore.Database.Command|Executed DbCommand (90ms) [Parameters=[], CommandType='Text', CommandTimeout='30']
SELECT OBJECT_ID(N'__EFMigrationsHistory');
2019-09-01 19:26:23.2870|INFO|Microsoft.EntityFrameworkCore.Database.Command|Executed DbCommand (1ms) [Parameters=[], CommandType='Text', CommandTimeout='30']
SELECT OBJECT_ID(N'__EFMigrationsHistory');
2019-09-01 19:26:23.3790|INFO|Microsoft.EntityFrameworkCore.Database.Command|Executed DbCommand (53ms) [Parameters=[], CommandType='Text', CommandTimeout='30']
SELECT [MigrationId], [ProductVersion]
FROM [__EFMigrationsHistory]
ORDER BY [MigrationId];
2019-09-01 19:26:23.4427|INFO|Microsoft.EntityFrameworkCore.Migrations|No migrations were applied. The database is already up to date.
2019-09-01 19:26:24.3199|INFO|Microsoft.EntityFrameworkCore.Database.Command|Executed DbCommand (2ms) [Parameters=[], CommandType='Text', CommandTimeout='30']
SELECT [a].[Id], [a].[DateOfBirth], [a].[FirstName], [a].[Genre], [a].[LastName]
FROM [Authors] AS [a]
2019-09-01 19:26:24.5784|INFO|Microsoft.EntityFrameworkCore.Database.Command|Executed DbCommand (108ms) [Parameters=[@p0='?', @p1='?', @p2='?', @p3='?', @p4='?', @p5='?'], CommandType='Text', CommandTimeout='30']
SET NOCOUNT ON;
DELETE FROM [Authors]
WHERE [Id] = @p0;
SELECT @@ROWCOUNT;

DELETE FROM [Authors]
WHERE [Id] = @p1;
SELECT @@ROWCOUNT;

DELETE FROM [Authors]
WHERE [Id] = @p2;
SELECT @@ROWCOUNT;

DELETE FROM [Authors]
WHERE [Id] = @p3;
SELECT @@ROWCOUNT;

DELETE FROM [Authors]
WHERE [Id] = @p4;
SELECT @@ROWCOUNT;

DELETE FROM [Authors]
WHERE [Id] = @p5;
SELECT @@ROWCOUNT;
2019-09-01 19:26:24.6530|INFO|Microsoft.EntityFrameworkCore.Database.Command|Executed DbCommand (6ms) [Parameters=[@p0='?', @p1='?', @p2='?' (Size = 50), @p3='?' (Size = 50), @p4='?' (Size = 50), @p5='?', @p6='?', @p7='?' (Size = 50), @p8='?' (Size = 50), @p9='?' (Size = 50), @p10='?', @p11='?', @p12='?' (Size = 50), @p13='?' (Size = 50), @p14='?' (Size = 50), @p15='?', @p16='?', @p17='?' (Size = 50), @p18='?' (Size = 50), @p19='?' (Size = 50), @p20='?', @p21='?', @p22='?' (Size = 50), @p23='?' (Size = 50), @p24='?' (Size = 50), @p25='?', @p26='?', @p27='?' (Size = 50), @p28='?' (Size = 50), @p29='?' (Size = 50)], CommandType='Text', CommandTimeout='30']
SET NOCOUNT ON;
INSERT INTO [Authors] ([Id], [DateOfBirth], [FirstName], [Genre], [LastName])
VALUES (@p0, @p1, @p2, @p3, @p4),
(@p5, @p6, @p7, @p8, @p9),
(@p10, @p11, @p12, @p13, @p14),
(@p15, @p16, @p17, @p18, @p19),
(@p20, @p21, @p22, @p23, @p24),
(@p25, @p26, @p27, @p28, @p29);
2019-09-01 19:26:24.6791|INFO|Microsoft.EntityFrameworkCore.Database.Command|Executed DbCommand (6ms) [Parameters=[@p30='?', @p31='?', @p32='?' (Size = 500), @p33='?' (Size = 100), @p34='?', @p35='?', @p36='?' (Size = 500), @p37='?' (Size = 100), @p38='?', @p39='?', @p40='?' (Size = 500), @p41='?' (Size = 100), @p42='?', @p43='?', @p44='?' (Size = 500), @p45='?' (Size = 100), @p46='?', @p47='?', @p48='?' (Size = 500), @p49='?' (Size = 100), @p50='?', @p51='?', @p52='?' (Size = 500), @p53='?' (Size = 100), @p54='?', @p55='?', @p56='?' (Size = 500), @p57='?' (Size = 100), @p58='?', @p59='?', @p60='?' (Size = 500), @p61='?' (Size = 100), @p62='?', @p63='?', @p64='?' (Size = 500), @p65='?' (Size = 100), @p66='?', @p67='?', @p68='?' (Size = 500), @p69='?' (Size = 100), @p70='?', @p71='?', @p72='?' (Size = 500), @p73='?' (Size = 100)], CommandType='Text', CommandTimeout='30']
SET NOCOUNT ON;
INSERT INTO [Books] ([Id], [AuthorId], [Description], [Title])
VALUES (@p30, @p31, @p32, @p33),
(@p34, @p35, @p36, @p37),
(@p38, @p39, @p40, @p41),
(@p42, @p43, @p44, @p45),
(@p46, @p47, @p48, @p49),
(@p50, @p51, @p52, @p53),
(@p54, @p55, @p56, @p57),
(@p58, @p59, @p60, @p61),
(@p62, @p63, @p64, @p65),
(@p66, @p67, @p68, @p69),
(@p70, @p71, @p72, @p73);
2019-09-01 19:26:25.3543|INFO|Microsoft.AspNetCore.Hosting.Internal.WebHost|Request starting HTTP/1.1 DEBUG http://localhost:6058/  0
2019-09-01 19:26:25.4427|INFO|Microsoft.AspNetCore.Hosting.Internal.WebHost|Request finished in 101.1194ms 200 
2019-09-01 19:27:20.0364|INFO|Microsoft.AspNetCore.Hosting.Internal.WebHost|Request starting HTTP/1.1 GET http://localhost:6058/api/authors  
2019-09-01 19:27:20.9237|INFO|Microsoft.EntityFrameworkCore.Infrastructure|Entity Framework Core 2.0.0-rtm-26452 initialized 'LibraryContext' using provider 'Microsoft.EntityFrameworkCore.SqlServer' with options: None
2019-09-01 19:27:20.9738|INFO|Microsoft.EntityFrameworkCore.Database.Command|Executed DbCommand (19ms) [Parameters=[], CommandType='Text', CommandTimeout='30']
SELECT OBJECT_ID(N'__EFMigrationsHistory');
2019-09-01 19:27:21.0007|INFO|Microsoft.EntityFrameworkCore.Database.Command|Executed DbCommand (0ms) [Parameters=[], CommandType='Text', CommandTimeout='30']
SELECT OBJECT_ID(N'__EFMigrationsHistory');
2019-09-01 19:27:21.0585|INFO|Microsoft.EntityFrameworkCore.Database.Command|Executed DbCommand (0ms) [Parameters=[], CommandType='Text', CommandTimeout='30']
SELECT [MigrationId], [ProductVersion]
FROM [__EFMigrationsHistory]
ORDER BY [MigrationId];
2019-09-01 19:27:21.0695|INFO|Microsoft.EntityFrameworkCore.Migrations|No migrations were applied. The database is already up to date.
2019-09-01 19:27:21.1722|INFO|Microsoft.AspNetCore.Mvc.Internal.ControllerActionInvoker|Executing action method Library.API.Controllers.AuthorsController.GetAuthors (Library.API) with arguments (Library.API.Helpers.AuthorsResourceParameters, application/vnd.alienonwork.hateoas+json) - ModelState is Valid
2019-09-01 19:27:21.3954|INFO|Microsoft.EntityFrameworkCore.Database.Command|Executed DbCommand (1ms) [Parameters=[], CommandType='Text', CommandTimeout='30']
SELECT COUNT(*)
FROM [Authors] AS [a]
2019-09-01 19:27:21.4351|INFO|Microsoft.EntityFrameworkCore.Database.Command|Executed DbCommand (1ms) [Parameters=[@__p_0='?', @__p_1='?'], CommandType='Text', CommandTimeout='30']
SELECT [a].[Id], [a].[DateOfBirth], [a].[FirstName], [a].[Genre], [a].[LastName]
FROM [Authors] AS [a]
ORDER BY [a].[FirstName], [a].[LastName]
OFFSET @__p_0 ROWS FETCH NEXT @__p_1 ROWS ONLY
2019-09-01 19:27:21.8069|WARN|Microsoft.AspNetCore.Mvc.Internal.ObjectResultExecutor|No output formatter was found for content type 'application/vnd.alienonwork.hateoas+json' to write the response.
2019-09-01 19:27:21.8377|INFO|Microsoft.AspNetCore.Mvc.Internal.ControllerActionInvoker|Executed action Library.API.Controllers.AuthorsController.GetAuthors (Library.API) in 937.6631ms
2019-09-01 19:27:21.8637|INFO|Microsoft.AspNetCore.Hosting.Internal.WebHost|Request finished in 1854.5233ms 406 
2019-09-01 19:28:08.4182|INFO|Microsoft.AspNetCore.DataProtection.KeyManagement.XmlKeyManager|User profile is available. Using 'C:\Users\wcosta\AppData\Local\ASP.NET\DataProtection-Keys' as key repository and Windows DPAPI to encrypt keys at rest.
2019-09-01 19:28:09.0530|INFO|Microsoft.EntityFrameworkCore.Infrastructure|Entity Framework Core 2.0.0-rtm-26452 initialized 'LibraryContext' using provider 'Microsoft.EntityFrameworkCore.SqlServer' with options: None
2019-09-01 19:28:13.2048|INFO|Microsoft.EntityFrameworkCore.Database.Command|Executed DbCommand (143ms) [Parameters=[], CommandType='Text', CommandTimeout='30']
SELECT OBJECT_ID(N'__EFMigrationsHistory');
2019-09-01 19:28:13.2451|INFO|Microsoft.EntityFrameworkCore.Database.Command|Executed DbCommand (2ms) [Parameters=[], CommandType='Text', CommandTimeout='30']
SELECT OBJECT_ID(N'__EFMigrationsHistory');
2019-09-01 19:28:13.2743|INFO|Microsoft.EntityFrameworkCore.Database.Command|Executed DbCommand (2ms) [Parameters=[], CommandType='Text', CommandTimeout='30']
SELECT [MigrationId], [ProductVersion]
FROM [__EFMigrationsHistory]
ORDER BY [MigrationId];
2019-09-01 19:28:13.3389|INFO|Microsoft.EntityFrameworkCore.Migrations|No migrations were applied. The database is already up to date.
2019-09-01 19:28:14.2056|INFO|Microsoft.EntityFrameworkCore.Database.Command|Executed DbCommand (1ms) [Parameters=[], CommandType='Text', CommandTimeout='30']
SELECT [a].[Id], [a].[DateOfBirth], [a].[FirstName], [a].[Genre], [a].[LastName]
FROM [Authors] AS [a]
2019-09-01 19:28:14.3573|INFO|Microsoft.EntityFrameworkCore.Database.Command|Executed DbCommand (43ms) [Parameters=[@p0='?', @p1='?', @p2='?', @p3='?', @p4='?', @p5='?'], CommandType='Text', CommandTimeout='30']
SET NOCOUNT ON;
DELETE FROM [Authors]
WHERE [Id] = @p0;
SELECT @@ROWCOUNT;

DELETE FROM [Authors]
WHERE [Id] = @p1;
SELECT @@ROWCOUNT;

DELETE FROM [Authors]
WHERE [Id] = @p2;
SELECT @@ROWCOUNT;

DELETE FROM [Authors]
WHERE [Id] = @p3;
SELECT @@ROWCOUNT;

DELETE FROM [Authors]
WHERE [Id] = @p4;
SELECT @@ROWCOUNT;

DELETE FROM [Authors]
WHERE [Id] = @p5;
SELECT @@ROWCOUNT;
2019-09-01 19:28:14.4153|INFO|Microsoft.EntityFrameworkCore.Database.Command|Executed DbCommand (2ms) [Parameters=[@p0='?', @p1='?', @p2='?' (Size = 50), @p3='?' (Size = 50), @p4='?' (Size = 50), @p5='?', @p6='?', @p7='?' (Size = 50), @p8='?' (Size = 50), @p9='?' (Size = 50), @p10='?', @p11='?', @p12='?' (Size = 50), @p13='?' (Size = 50), @p14='?' (Size = 50), @p15='?', @p16='?', @p17='?' (Size = 50), @p18='?' (Size = 50), @p19='?' (Size = 50), @p20='?', @p21='?', @p22='?' (Size = 50), @p23='?' (Size = 50), @p24='?' (Size = 50), @p25='?', @p26='?', @p27='?' (Size = 50), @p28='?' (Size = 50), @p29='?' (Size = 50)], CommandType='Text', CommandTimeout='30']
SET NOCOUNT ON;
INSERT INTO [Authors] ([Id], [DateOfBirth], [FirstName], [Genre], [LastName])
VALUES (@p0, @p1, @p2, @p3, @p4),
(@p5, @p6, @p7, @p8, @p9),
(@p10, @p11, @p12, @p13, @p14),
(@p15, @p16, @p17, @p18, @p19),
(@p20, @p21, @p22, @p23, @p24),
(@p25, @p26, @p27, @p28, @p29);
2019-09-01 19:28:14.4321|INFO|Microsoft.EntityFrameworkCore.Database.Command|Executed DbCommand (3ms) [Parameters=[@p30='?', @p31='?', @p32='?' (Size = 500), @p33='?' (Size = 100), @p34='?', @p35='?', @p36='?' (Size = 500), @p37='?' (Size = 100), @p38='?', @p39='?', @p40='?' (Size = 500), @p41='?' (Size = 100), @p42='?', @p43='?', @p44='?' (Size = 500), @p45='?' (Size = 100), @p46='?', @p47='?', @p48='?' (Size = 500), @p49='?' (Size = 100), @p50='?', @p51='?', @p52='?' (Size = 500), @p53='?' (Size = 100), @p54='?', @p55='?', @p56='?' (Size = 500), @p57='?' (Size = 100), @p58='?', @p59='?', @p60='?' (Size = 500), @p61='?' (Size = 100), @p62='?', @p63='?', @p64='?' (Size = 500), @p65='?' (Size = 100), @p66='?', @p67='?', @p68='?' (Size = 500), @p69='?' (Size = 100), @p70='?', @p71='?', @p72='?' (Size = 500), @p73='?' (Size = 100)], CommandType='Text', CommandTimeout='30']
SET NOCOUNT ON;
INSERT INTO [Books] ([Id], [AuthorId], [Description], [Title])
VALUES (@p30, @p31, @p32, @p33),
(@p34, @p35, @p36, @p37),
(@p38, @p39, @p40, @p41),
(@p42, @p43, @p44, @p45),
(@p46, @p47, @p48, @p49),
(@p50, @p51, @p52, @p53),
(@p54, @p55, @p56, @p57),
(@p58, @p59, @p60, @p61),
(@p62, @p63, @p64, @p65),
(@p66, @p67, @p68, @p69),
(@p70, @p71, @p72, @p73);
2019-09-01 19:28:14.9527|INFO|Microsoft.AspNetCore.Hosting.Internal.WebHost|Request starting HTTP/1.1 GET http://localhost:6058/api/authors  
2019-09-01 19:28:14.9527|INFO|Microsoft.AspNetCore.Hosting.Internal.WebHost|Request starting HTTP/1.1 DEBUG http://localhost:6058/  0
2019-09-01 19:28:15.1625|INFO|Microsoft.AspNetCore.Hosting.Internal.WebHost|Request finished in 223.4514ms 200 
2019-09-01 19:28:15.5698|INFO|Microsoft.EntityFrameworkCore.Infrastructure|Entity Framework Core 2.0.0-rtm-26452 initialized 'LibraryContext' using provider 'Microsoft.EntityFrameworkCore.SqlServer' with options: None
2019-09-01 19:28:15.5881|INFO|Microsoft.EntityFrameworkCore.Database.Command|Executed DbCommand (1ms) [Parameters=[], CommandType='Text', CommandTimeout='30']
SELECT OBJECT_ID(N'__EFMigrationsHistory');
2019-09-01 19:28:15.5967|INFO|Microsoft.EntityFrameworkCore.Database.Command|Executed DbCommand (1ms) [Parameters=[], CommandType='Text', CommandTimeout='30']
SELECT OBJECT_ID(N'__EFMigrationsHistory');
2019-09-01 19:28:15.5967|INFO|Microsoft.EntityFrameworkCore.Database.Command|Executed DbCommand (0ms) [Parameters=[], CommandType='Text', CommandTimeout='30']
SELECT [MigrationId], [ProductVersion]
FROM [__EFMigrationsHistory]
ORDER BY [MigrationId];
2019-09-01 19:28:15.6145|INFO|Microsoft.EntityFrameworkCore.Migrations|No migrations were applied. The database is already up to date.
2019-09-01 19:28:15.6927|INFO|Microsoft.AspNetCore.Mvc.Internal.ControllerActionInvoker|Executing action method Library.API.Controllers.AuthorsController.GetAuthors (Library.API) with arguments (Library.API.Helpers.AuthorsResourceParameters, application/vnd.alienonwork.hateoas+json) - ModelState is Valid
2019-09-01 19:28:15.8472|INFO|Microsoft.EntityFrameworkCore.Database.Command|Executed DbCommand (0ms) [Parameters=[], CommandType='Text', CommandTimeout='30']
SELECT COUNT(*)
FROM [Authors] AS [a]
2019-09-01 19:28:15.8720|INFO|Microsoft.EntityFrameworkCore.Database.Command|Executed DbCommand (1ms) [Parameters=[@__p_0='?', @__p_1='?'], CommandType='Text', CommandTimeout='30']
SELECT [a].[Id], [a].[DateOfBirth], [a].[FirstName], [a].[Genre], [a].[LastName]
FROM [Authors] AS [a]
ORDER BY [a].[FirstName], [a].[LastName]
OFFSET @__p_0 ROWS FETCH NEXT @__p_1 ROWS ONLY
2019-09-01 19:28:16.0153|WARN|Microsoft.AspNetCore.Mvc.Internal.ObjectResultExecutor|No output formatter was found for content type 'application/vnd.alienonwork.hateoas+json' to write the response.
2019-09-01 19:28:16.0306|INFO|Microsoft.AspNetCore.Mvc.Internal.ControllerActionInvoker|Executed action Library.API.Controllers.AuthorsController.GetAuthors (Library.API) in 473.5664ms
2019-09-01 19:28:16.0438|INFO|Microsoft.AspNetCore.Hosting.Internal.WebHost|Request finished in 1123.7654ms 406 
2019-09-01 19:30:28.0107|INFO|Microsoft.AspNetCore.Hosting.Internal.WebHost|Request starting HTTP/1.1 GET http://localhost:6058/api/authors  
2019-09-01 19:30:28.1097|INFO|Microsoft.EntityFrameworkCore.Infrastructure|Entity Framework Core 2.0.0-rtm-26452 initialized 'LibraryContext' using provider 'Microsoft.EntityFrameworkCore.SqlServer' with options: None
2019-09-01 19:30:28.1431|INFO|Microsoft.EntityFrameworkCore.Database.Command|Executed DbCommand (1ms) [Parameters=[], CommandType='Text', CommandTimeout='30']
SELECT OBJECT_ID(N'__EFMigrationsHistory');
2019-09-01 19:30:28.1584|INFO|Microsoft.EntityFrameworkCore.Database.Command|Executed DbCommand (2ms) [Parameters=[], CommandType='Text', CommandTimeout='30']
SELECT OBJECT_ID(N'__EFMigrationsHistory');
2019-09-01 19:30:28.1751|INFO|Microsoft.EntityFrameworkCore.Database.Command|Executed DbCommand (0ms) [Parameters=[], CommandType='Text', CommandTimeout='30']
SELECT [MigrationId], [ProductVersion]
FROM [__EFMigrationsHistory]
ORDER BY [MigrationId];
2019-09-01 19:30:28.2005|INFO|Microsoft.EntityFrameworkCore.Migrations|No migrations were applied. The database is already up to date.
2019-09-01 19:30:28.2610|INFO|Microsoft.AspNetCore.Mvc.Internal.ControllerActionInvoker|Executing action method Library.API.Controllers.AuthorsController.GetAuthors (Library.API) with arguments (Library.API.Helpers.AuthorsResourceParameters, application/vnd.alienonwork.heteoas+json) - ModelState is Valid
2019-09-01 19:30:28.3171|INFO|Microsoft.EntityFrameworkCore.Database.Command|Executed DbCommand (8ms) [Parameters=[], CommandType='Text', CommandTimeout='30']
SELECT COUNT(*)
FROM [Authors] AS [a]
2019-09-01 19:30:28.3605|INFO|Microsoft.EntityFrameworkCore.Database.Command|Executed DbCommand (1ms) [Parameters=[@__p_0='?', @__p_1='?'], CommandType='Text', CommandTimeout='30']
SELECT [a].[Id], [a].[DateOfBirth], [a].[FirstName], [a].[Genre], [a].[LastName]
FROM [Authors] AS [a]
ORDER BY [a].[FirstName], [a].[LastName]
OFFSET @__p_0 ROWS FETCH NEXT @__p_1 ROWS ONLY
2019-09-01 19:30:28.4418|INFO|Microsoft.AspNetCore.Mvc.Internal.ObjectResultExecutor|Executing ObjectResult, writing value Microsoft.AspNetCore.Mvc.ControllerContext.
2019-09-01 19:30:28.5572|INFO|Microsoft.AspNetCore.Mvc.Internal.ControllerActionInvoker|Executed action Library.API.Controllers.AuthorsController.GetAuthors (Library.API) in 513.3327ms
2019-09-01 19:30:28.5916|INFO|Microsoft.AspNetCore.Hosting.Internal.WebHost|Request finished in 588.1873ms 200 application/vnd.alienonwork.heteoas+json; charset=utf-8
2019-09-01 19:31:05.7590|INFO|Microsoft.AspNetCore.DataProtection.KeyManagement.XmlKeyManager|User profile is available. Using 'C:\Users\wcosta\AppData\Local\ASP.NET\DataProtection-Keys' as key repository and Windows DPAPI to encrypt keys at rest.
2019-09-01 19:31:06.3596|INFO|Microsoft.EntityFrameworkCore.Infrastructure|Entity Framework Core 2.0.0-rtm-26452 initialized 'LibraryContext' using provider 'Microsoft.EntityFrameworkCore.SqlServer' with options: None
2019-09-01 19:31:10.5309|INFO|Microsoft.EntityFrameworkCore.Database.Command|Executed DbCommand (105ms) [Parameters=[], CommandType='Text', CommandTimeout='30']
SELECT OBJECT_ID(N'__EFMigrationsHistory');
2019-09-01 19:31:10.5601|INFO|Microsoft.EntityFrameworkCore.Database.Command|Executed DbCommand (4ms) [Parameters=[], CommandType='Text', CommandTimeout='30']
SELECT OBJECT_ID(N'__EFMigrationsHistory');
2019-09-01 19:31:10.5862|INFO|Microsoft.EntityFrameworkCore.Database.Command|Executed DbCommand (2ms) [Parameters=[], CommandType='Text', CommandTimeout='30']
SELECT [MigrationId], [ProductVersion]
FROM [__EFMigrationsHistory]
ORDER BY [MigrationId];
2019-09-01 19:31:10.6076|INFO|Microsoft.EntityFrameworkCore.Migrations|No migrations were applied. The database is already up to date.
2019-09-01 19:31:11.1129|INFO|Microsoft.EntityFrameworkCore.Database.Command|Executed DbCommand (0ms) [Parameters=[], CommandType='Text', CommandTimeout='30']
SELECT [a].[Id], [a].[DateOfBirth], [a].[FirstName], [a].[Genre], [a].[LastName]
FROM [Authors] AS [a]
2019-09-01 19:31:11.2750|INFO|Microsoft.EntityFrameworkCore.Database.Command|Executed DbCommand (83ms) [Parameters=[@p0='?', @p1='?', @p2='?', @p3='?', @p4='?', @p5='?'], CommandType='Text', CommandTimeout='30']
SET NOCOUNT ON;
DELETE FROM [Authors]
WHERE [Id] = @p0;
SELECT @@ROWCOUNT;

DELETE FROM [Authors]
WHERE [Id] = @p1;
SELECT @@ROWCOUNT;

DELETE FROM [Authors]
WHERE [Id] = @p2;
SELECT @@ROWCOUNT;

DELETE FROM [Authors]
WHERE [Id] = @p3;
SELECT @@ROWCOUNT;

DELETE FROM [Authors]
WHERE [Id] = @p4;
SELECT @@ROWCOUNT;

DELETE FROM [Authors]
WHERE [Id] = @p5;
SELECT @@ROWCOUNT;
2019-09-01 19:31:11.3196|INFO|Microsoft.EntityFrameworkCore.Database.Command|Executed DbCommand (2ms) [Parameters=[@p0='?', @p1='?', @p2='?' (Size = 50), @p3='?' (Size = 50), @p4='?' (Size = 50), @p5='?', @p6='?', @p7='?' (Size = 50), @p8='?' (Size = 50), @p9='?' (Size = 50), @p10='?', @p11='?', @p12='?' (Size = 50), @p13='?' (Size = 50), @p14='?' (Size = 50), @p15='?', @p16='?', @p17='?' (Size = 50), @p18='?' (Size = 50), @p19='?' (Size = 50), @p20='?', @p21='?', @p22='?' (Size = 50), @p23='?' (Size = 50), @p24='?' (Size = 50), @p25='?', @p26='?', @p27='?' (Size = 50), @p28='?' (Size = 50), @p29='?' (Size = 50)], CommandType='Text', CommandTimeout='30']
SET NOCOUNT ON;
INSERT INTO [Authors] ([Id], [DateOfBirth], [FirstName], [Genre], [LastName])
VALUES (@p0, @p1, @p2, @p3, @p4),
(@p5, @p6, @p7, @p8, @p9),
(@p10, @p11, @p12, @p13, @p14),
(@p15, @p16, @p17, @p18, @p19),
(@p20, @p21, @p22, @p23, @p24),
(@p25, @p26, @p27, @p28, @p29);
2019-09-01 19:31:11.3332|INFO|Microsoft.EntityFrameworkCore.Database.Command|Executed DbCommand (2ms) [Parameters=[@p30='?', @p31='?', @p32='?' (Size = 500), @p33='?' (Size = 100), @p34='?', @p35='?', @p36='?' (Size = 500), @p37='?' (Size = 100), @p38='?', @p39='?', @p40='?' (Size = 500), @p41='?' (Size = 100), @p42='?', @p43='?', @p44='?' (Size = 500), @p45='?' (Size = 100), @p46='?', @p47='?', @p48='?' (Size = 500), @p49='?' (Size = 100), @p50='?', @p51='?', @p52='?' (Size = 500), @p53='?' (Size = 100), @p54='?', @p55='?', @p56='?' (Size = 500), @p57='?' (Size = 100), @p58='?', @p59='?', @p60='?' (Size = 500), @p61='?' (Size = 100), @p62='?', @p63='?', @p64='?' (Size = 500), @p65='?' (Size = 100), @p66='?', @p67='?', @p68='?' (Size = 500), @p69='?' (Size = 100), @p70='?', @p71='?', @p72='?' (Size = 500), @p73='?' (Size = 100)], CommandType='Text', CommandTimeout='30']
SET NOCOUNT ON;
INSERT INTO [Books] ([Id], [AuthorId], [Description], [Title])
VALUES (@p30, @p31, @p32, @p33),
(@p34, @p35, @p36, @p37),
(@p38, @p39, @p40, @p41),
(@p42, @p43, @p44, @p45),
(@p46, @p47, @p48, @p49),
(@p50, @p51, @p52, @p53),
(@p54, @p55, @p56, @p57),
(@p58, @p59, @p60, @p61),
(@p62, @p63, @p64, @p65),
(@p66, @p67, @p68, @p69),
(@p70, @p71, @p72, @p73);
2019-09-01 19:31:11.9991|INFO|Microsoft.AspNetCore.Hosting.Internal.WebHost|Request starting HTTP/1.1 DEBUG http://localhost:6058/  0
2019-09-01 19:31:11.9991|INFO|Microsoft.AspNetCore.Hosting.Internal.WebHost|Request starting HTTP/1.1 GET http://localhost:6058/api/authors  
2019-09-01 19:31:12.1022|INFO|Microsoft.AspNetCore.Hosting.Internal.WebHost|Request finished in 117.6009ms 200 
2019-09-01 19:31:12.4520|INFO|Microsoft.EntityFrameworkCore.Infrastructure|Entity Framework Core 2.0.0-rtm-26452 initialized 'LibraryContext' using provider 'Microsoft.EntityFrameworkCore.SqlServer' with options: None
2019-09-01 19:31:12.4754|INFO|Microsoft.EntityFrameworkCore.Database.Command|Executed DbCommand (8ms) [Parameters=[], CommandType='Text', CommandTimeout='30']
SELECT OBJECT_ID(N'__EFMigrationsHistory');
2019-09-01 19:31:12.4754|INFO|Microsoft.EntityFrameworkCore.Database.Command|Executed DbCommand (0ms) [Parameters=[], CommandType='Text', CommandTimeout='30']
SELECT OBJECT_ID(N'__EFMigrationsHistory');
2019-09-01 19:31:12.4961|INFO|Microsoft.EntityFrameworkCore.Database.Command|Executed DbCommand (0ms) [Parameters=[], CommandType='Text', CommandTimeout='30']
SELECT [MigrationId], [ProductVersion]
FROM [__EFMigrationsHistory]
ORDER BY [MigrationId];
2019-09-01 19:31:12.5033|INFO|Microsoft.EntityFrameworkCore.Migrations|No migrations were applied. The database is already up to date.
2019-09-01 19:31:12.5619|INFO|Microsoft.AspNetCore.Mvc.Internal.ControllerActionInvoker|Executing action method Library.API.Controllers.AuthorsController.GetAuthors (Library.API) with arguments (Library.API.Helpers.AuthorsResourceParameters, application/vnd.alienonwork.hateoas+json) - ModelState is Valid
2019-09-01 19:31:12.6882|INFO|Microsoft.EntityFrameworkCore.Database.Command|Executed DbCommand (0ms) [Parameters=[], CommandType='Text', CommandTimeout='30']
SELECT COUNT(*)
FROM [Authors] AS [a]
2019-09-01 19:31:12.7078|INFO|Microsoft.EntityFrameworkCore.Database.Command|Executed DbCommand (1ms) [Parameters=[@__p_0='?', @__p_1='?'], CommandType='Text', CommandTimeout='30']
SELECT [a].[Id], [a].[DateOfBirth], [a].[FirstName], [a].[Genre], [a].[LastName]
FROM [Authors] AS [a]
ORDER BY [a].[FirstName], [a].[LastName]
OFFSET @__p_0 ROWS FETCH NEXT @__p_1 ROWS ONLY
2019-09-01 19:31:12.8182|INFO|Microsoft.AspNetCore.Mvc.Internal.ObjectResultExecutor|Executing ObjectResult, writing value Microsoft.AspNetCore.Mvc.ControllerContext.
2019-09-01 19:31:12.8849|INFO|Microsoft.AspNetCore.Mvc.Internal.ControllerActionInvoker|Executed action Library.API.Controllers.AuthorsController.GetAuthors (Library.API) in 441.7881ms
2019-09-01 19:31:12.8934|INFO|Microsoft.AspNetCore.Hosting.Internal.WebHost|Request finished in 913.7376ms 200 application/vnd.alienonwork.hateoas+json; charset=utf-8
