2019-08-31 20:01:33.7453|INFO|Microsoft.AspNetCore.DataProtection.KeyManagement.XmlKeyManager|User profile is available. Using 'C:\Users\wcosta\AppData\Local\ASP.NET\DataProtection-Keys' as key repository and Windows DPAPI to encrypt keys at rest.
2019-08-31 20:01:34.7652|INFO|Microsoft.AspNetCore.DataProtection.KeyManagement.XmlKeyManager|Creating key {92ac6431-762e-4c74-a4ff-5607cfa39022} with creation date 2019-08-31 23:01:34Z, activation date 2019-08-31 23:01:34Z, and expiration date 2019-11-29 23:01:34Z.
2019-08-31 20:01:34.9444|INFO|Microsoft.AspNetCore.DataProtection.Repositories.FileSystemXmlRepository|Writing data to file 'C:\Users\wcosta\AppData\Local\ASP.NET\DataProtection-Keys\key-92ac6431-762e-4c74-a4ff-5607cfa39022.xml'.
2019-08-31 20:01:38.0720|INFO|Microsoft.EntityFrameworkCore.Infrastructure|Entity Framework Core 2.0.0-rtm-26452 initialized 'LibraryContext' using provider 'Microsoft.EntityFrameworkCore.SqlServer' with options: None
2019-08-31 20:02:08.8905|INFO|Microsoft.EntityFrameworkCore.Database.Command|Executed DbCommand (562ms) [Parameters=[], CommandType='Text', CommandTimeout='30']
SELECT OBJECT_ID(N'__EFMigrationsHistory');
2019-08-31 20:02:09.0429|INFO|Microsoft.EntityFrameworkCore.Database.Command|Executed DbCommand (29ms) [Parameters=[], CommandType='Text', CommandTimeout='30']
SELECT OBJECT_ID(N'__EFMigrationsHistory');
2019-08-31 20:02:10.5987|INFO|Microsoft.EntityFrameworkCore.Database.Command|Executed DbCommand (466ms) [Parameters=[], CommandType='Text', CommandTimeout='30']
SELECT [MigrationId], [ProductVersion]
FROM [__EFMigrationsHistory]
ORDER BY [MigrationId];
2019-08-31 20:02:10.7108|INFO|Microsoft.EntityFrameworkCore.Migrations|No migrations were applied. The database is already up to date.
2019-08-31 20:02:12.7931|INFO|Microsoft.EntityFrameworkCore.Database.Command|Executed DbCommand (114ms) [Parameters=[], CommandType='Text', CommandTimeout='30']
SELECT [a].[Id], [a].[DateOfBirth], [a].[FirstName], [a].[Genre], [a].[LastName]
FROM [Authors] AS [a]
2019-08-31 20:02:14.4072|INFO|Microsoft.EntityFrameworkCore.Database.Command|Executed DbCommand (862ms) [Parameters=[@p0='?', @p1='?', @p2='?', @p3='?', @p4='?', @p5='?'], CommandType='Text', CommandTimeout='30']
SET NOCOUNT ON;
DELETE FROM [Authors]
WHERE [Id] = @p0;
SELECT @@ROWCOUNT;

DELETE FROM [Authors]
WHERE [Id] = @p1;
SELECT @@ROWCOUNT;

DELETE FROM [Authors]
WHERE [Id] = @p2;
SELECT @@ROWCOUNT;

DELETE FROM [Authors]
WHERE [Id] = @p3;
SELECT @@ROWCOUNT;

DELETE FROM [Authors]
WHERE [Id] = @p4;
SELECT @@ROWCOUNT;

DELETE FROM [Authors]
WHERE [Id] = @p5;
SELECT @@ROWCOUNT;
2019-08-31 20:02:14.6903|INFO|Microsoft.EntityFrameworkCore.Database.Command|Executed DbCommand (190ms) [Parameters=[@p0='?', @p1='?', @p2='?' (Size = 50), @p3='?' (Size = 50), @p4='?' (Size = 50), @p5='?', @p6='?', @p7='?' (Size = 50), @p8='?' (Size = 50), @p9='?' (Size = 50), @p10='?', @p11='?', @p12='?' (Size = 50), @p13='?' (Size = 50), @p14='?' (Size = 50), @p15='?', @p16='?', @p17='?' (Size = 50), @p18='?' (Size = 50), @p19='?' (Size = 50), @p20='?', @p21='?', @p22='?' (Size = 50), @p23='?' (Size = 50), @p24='?' (Size = 50), @p25='?', @p26='?', @p27='?' (Size = 50), @p28='?' (Size = 50), @p29='?' (Size = 50)], CommandType='Text', CommandTimeout='30']
SET NOCOUNT ON;
INSERT INTO [Authors] ([Id], [DateOfBirth], [FirstName], [Genre], [LastName])
VALUES (@p0, @p1, @p2, @p3, @p4),
(@p5, @p6, @p7, @p8, @p9),
(@p10, @p11, @p12, @p13, @p14),
(@p15, @p16, @p17, @p18, @p19),
(@p20, @p21, @p22, @p23, @p24),
(@p25, @p26, @p27, @p28, @p29);
2019-08-31 20:02:14.7242|INFO|Microsoft.EntityFrameworkCore.Database.Command|Executed DbCommand (23ms) [Parameters=[@p30='?', @p31='?', @p32='?' (Size = 500), @p33='?' (Size = 100), @p34='?', @p35='?', @p36='?' (Size = 500), @p37='?' (Size = 100), @p38='?', @p39='?', @p40='?' (Size = 500), @p41='?' (Size = 100), @p42='?', @p43='?', @p44='?' (Size = 500), @p45='?' (Size = 100), @p46='?', @p47='?', @p48='?' (Size = 500), @p49='?' (Size = 100), @p50='?', @p51='?', @p52='?' (Size = 500), @p53='?' (Size = 100), @p54='?', @p55='?', @p56='?' (Size = 500), @p57='?' (Size = 100), @p58='?', @p59='?', @p60='?' (Size = 500), @p61='?' (Size = 100), @p62='?', @p63='?', @p64='?' (Size = 500), @p65='?' (Size = 100), @p66='?', @p67='?', @p68='?' (Size = 500), @p69='?' (Size = 100), @p70='?', @p71='?', @p72='?' (Size = 500), @p73='?' (Size = 100)], CommandType='Text', CommandTimeout='30']
SET NOCOUNT ON;
INSERT INTO [Books] ([Id], [AuthorId], [Description], [Title])
VALUES (@p30, @p31, @p32, @p33),
(@p34, @p35, @p36, @p37),
(@p38, @p39, @p40, @p41),
(@p42, @p43, @p44, @p45),
(@p46, @p47, @p48, @p49),
(@p50, @p51, @p52, @p53),
(@p54, @p55, @p56, @p57),
(@p58, @p59, @p60, @p61),
(@p62, @p63, @p64, @p65),
(@p66, @p67, @p68, @p69),
(@p70, @p71, @p72, @p73);
2019-08-31 20:02:18.5014|INFO|Microsoft.AspNetCore.Hosting.Internal.WebHost|Request starting HTTP/1.1 DEBUG http://localhost:6058/  0
2019-08-31 20:02:19.1392|INFO|Microsoft.AspNetCore.Hosting.Internal.WebHost|Request finished in 569.7186ms 200 
2019-08-31 20:28:37.4793|INFO|Microsoft.AspNetCore.Hosting.Internal.WebHost|Request starting HTTP/1.1 GET http://localhost:6058/api/authors/76053df4-6687-4353-8937-b45556748abe/books/bc4c35c3-3857-4250-9449-155fcf5109ec  
2019-08-31 20:28:39.1038|INFO|Microsoft.EntityFrameworkCore.Infrastructure|Entity Framework Core 2.0.0-rtm-26452 initialized 'LibraryContext' using provider 'Microsoft.EntityFrameworkCore.SqlServer' with options: None
2019-08-31 20:28:47.3687|INFO|Microsoft.EntityFrameworkCore.Database.Command|Executed DbCommand (24ms) [Parameters=[], CommandType='Text', CommandTimeout='30']
SELECT OBJECT_ID(N'__EFMigrationsHistory');
2019-08-31 20:28:47.3874|INFO|Microsoft.EntityFrameworkCore.Database.Command|Executed DbCommand (0ms) [Parameters=[], CommandType='Text', CommandTimeout='30']
SELECT OBJECT_ID(N'__EFMigrationsHistory');
2019-08-31 20:28:47.4639|INFO|Microsoft.EntityFrameworkCore.Database.Command|Executed DbCommand (29ms) [Parameters=[], CommandType='Text', CommandTimeout='30']
SELECT [MigrationId], [ProductVersion]
FROM [__EFMigrationsHistory]
ORDER BY [MigrationId];
2019-08-31 20:28:47.4797|INFO|Microsoft.EntityFrameworkCore.Migrations|No migrations were applied. The database is already up to date.
2019-08-31 20:28:47.7539|INFO|Microsoft.AspNetCore.Mvc.Internal.ControllerActionInvoker|Executing action method Library.API.Controllers.BooksController.GetBookForAuthor (Library.API) with arguments (76053df4-6687-4353-8937-b45556748abe, bc4c35c3-3857-4250-9449-155fcf5109ec) - ModelState is Valid
2019-08-31 20:28:48.5793|INFO|Microsoft.EntityFrameworkCore.Database.Command|Executed DbCommand (196ms) [Parameters=[@__authorId_0='?'], CommandType='Text', CommandTimeout='30']
SELECT CASE
    WHEN EXISTS (
        SELECT 1
        FROM [Authors] AS [a]
        WHERE [a].[Id] = @__authorId_0)
    THEN CAST(1 AS BIT) ELSE CAST(0 AS BIT)
END
2019-08-31 20:28:48.8884|INFO|Microsoft.EntityFrameworkCore.Database.Command|Executed DbCommand (226ms) [Parameters=[@__authorId_0='?', @__bookId_1='?'], CommandType='Text', CommandTimeout='30']
SELECT TOP(1) [b].[Id], [b].[AuthorId], [b].[Description], [b].[Title]
FROM [Books] AS [b]
WHERE ([b].[AuthorId] = @__authorId_0) AND ([b].[Id] = @__bookId_1)
2019-08-31 20:28:49.0702|INFO|Microsoft.AspNetCore.Mvc.Internal.ObjectResultExecutor|Executing ObjectResult, writing value Microsoft.AspNetCore.Mvc.ControllerContext.
2019-08-31 20:28:49.7967|INFO|Microsoft.AspNetCore.Mvc.Internal.ControllerActionInvoker|Executed action Library.API.Controllers.BooksController.GetBookForAuthor (Library.API) in 10707.1446ms
2019-08-31 20:28:50.0407|INFO|Microsoft.AspNetCore.Hosting.Internal.WebHost|Request finished in 12484.8419ms 200 application/json; charset=utf-8
2019-08-31 20:31:36.1054|INFO|Microsoft.AspNetCore.Hosting.Internal.WebHost|Request starting HTTP/1.1 POST http://localhost:6058/api/authors/f74d6899-9ed2-4137-9876-66b070553f8f/books application/json 129
2019-08-31 20:31:36.2196|INFO|Microsoft.EntityFrameworkCore.Infrastructure|Entity Framework Core 2.0.0-rtm-26452 initialized 'LibraryContext' using provider 'Microsoft.EntityFrameworkCore.SqlServer' with options: None
2019-08-31 20:31:36.2359|INFO|Microsoft.EntityFrameworkCore.Database.Command|Executed DbCommand (0ms) [Parameters=[], CommandType='Text', CommandTimeout='30']
SELECT OBJECT_ID(N'__EFMigrationsHistory');
2019-08-31 20:31:36.2721|INFO|Microsoft.EntityFrameworkCore.Database.Command|Executed DbCommand (0ms) [Parameters=[], CommandType='Text', CommandTimeout='30']
SELECT OBJECT_ID(N'__EFMigrationsHistory');
2019-08-31 20:31:36.2899|INFO|Microsoft.EntityFrameworkCore.Database.Command|Executed DbCommand (0ms) [Parameters=[], CommandType='Text', CommandTimeout='30']
SELECT [MigrationId], [ProductVersion]
FROM [__EFMigrationsHistory]
ORDER BY [MigrationId];
2019-08-31 20:31:36.3151|INFO|Microsoft.EntityFrameworkCore.Migrations|No migrations were applied. The database is already up to date.
2019-08-31 20:31:36.8061|INFO|Microsoft.AspNetCore.Mvc.Internal.ControllerActionInvoker|Executing action method Library.API.Controllers.BooksController.CreateBookForAuthor (Library.API) with arguments (f74d6899-9ed2-4137-9876-66b070553f8f, Library.API.Models.BookForCreationDto) - ModelState is Valid
2019-08-31 20:31:36.8286|INFO|Microsoft.EntityFrameworkCore.Database.Command|Executed DbCommand (0ms) [Parameters=[@__authorId_0='?'], CommandType='Text', CommandTimeout='30']
SELECT CASE
    WHEN EXISTS (
        SELECT 1
        FROM [Authors] AS [a]
        WHERE [a].[Id] = @__authorId_0)
    THEN CAST(1 AS BIT) ELSE CAST(0 AS BIT)
END
2019-08-31 20:31:36.8558|INFO|Microsoft.EntityFrameworkCore.Database.Command|Executed DbCommand (1ms) [Parameters=[@__authorId_0='?'], CommandType='Text', CommandTimeout='30']
SELECT TOP(1) [a].[Id], [a].[DateOfBirth], [a].[FirstName], [a].[Genre], [a].[LastName]
FROM [Authors] AS [a]
WHERE [a].[Id] = @__authorId_0
2019-08-31 20:31:36.9272|INFO|Microsoft.EntityFrameworkCore.Database.Command|Executed DbCommand (47ms) [Parameters=[@p0='?', @p1='?', @p2='?' (Size = 500), @p3='?' (Size = 100)], CommandType='Text', CommandTimeout='30']
SET NOCOUNT ON;
INSERT INTO [Books] ([Id], [AuthorId], [Description], [Title])
VALUES (@p0, @p1, @p2, @p3);
2019-08-31 20:31:36.9765|INFO|Microsoft.AspNetCore.Mvc.Internal.ObjectResultExecutor|Executing ObjectResult, writing value Microsoft.AspNetCore.Mvc.ControllerContext.
2019-08-31 20:31:37.0040|INFO|Microsoft.AspNetCore.Mvc.Internal.ControllerActionInvoker|Executed action Library.API.Controllers.BooksController.CreateBookForAuthor (Library.API) in 791.0281ms
2019-08-31 20:31:37.0659|INFO|Microsoft.AspNetCore.Hosting.Internal.WebHost|Request finished in 949.3052ms 201 application/json; charset=utf-8
2019-08-31 20:31:42.2694|INFO|Microsoft.AspNetCore.Hosting.Internal.WebHost|Request starting HTTP/1.1 GET http://localhost:6058/api/authors/76053df4-6687-4353-8937-b45556748abe/books  
2019-08-31 20:31:42.2694|INFO|Microsoft.EntityFrameworkCore.Infrastructure|Entity Framework Core 2.0.0-rtm-26452 initialized 'LibraryContext' using provider 'Microsoft.EntityFrameworkCore.SqlServer' with options: None
2019-08-31 20:31:42.3005|INFO|Microsoft.EntityFrameworkCore.Database.Command|Executed DbCommand (7ms) [Parameters=[], CommandType='Text', CommandTimeout='30']
SELECT OBJECT_ID(N'__EFMigrationsHistory');
2019-08-31 20:31:42.3005|INFO|Microsoft.EntityFrameworkCore.Database.Command|Executed DbCommand (0ms) [Parameters=[], CommandType='Text', CommandTimeout='30']
SELECT OBJECT_ID(N'__EFMigrationsHistory');
2019-08-31 20:31:42.3210|INFO|Microsoft.EntityFrameworkCore.Database.Command|Executed DbCommand (0ms) [Parameters=[], CommandType='Text', CommandTimeout='30']
SELECT [MigrationId], [ProductVersion]
FROM [__EFMigrationsHistory]
ORDER BY [MigrationId];
2019-08-31 20:31:42.3406|INFO|Microsoft.EntityFrameworkCore.Migrations|No migrations were applied. The database is already up to date.
2019-08-31 20:31:42.3796|INFO|Microsoft.AspNetCore.Mvc.Internal.ControllerActionInvoker|Executing action method Library.API.Controllers.BooksController.GetBooksForAuthor (Library.API) with arguments (76053df4-6687-4353-8937-b45556748abe) - ModelState is Valid
2019-08-31 20:31:42.3968|INFO|Microsoft.EntityFrameworkCore.Database.Command|Executed DbCommand (0ms) [Parameters=[@__authorId_0='?'], CommandType='Text', CommandTimeout='30']
SELECT CASE
    WHEN EXISTS (
        SELECT 1
        FROM [Authors] AS [a]
        WHERE [a].[Id] = @__authorId_0)
    THEN CAST(1 AS BIT) ELSE CAST(0 AS BIT)
END
2019-08-31 20:31:42.4981|INFO|Microsoft.EntityFrameworkCore.Database.Command|Executed DbCommand (58ms) [Parameters=[@__authorId_0='?'], CommandType='Text', CommandTimeout='30']
SELECT [b].[Id], [b].[AuthorId], [b].[Description], [b].[Title]
FROM [Books] AS [b]
WHERE [b].[AuthorId] = @__authorId_0
ORDER BY [b].[Title]
2019-08-31 20:31:42.5600|INFO|Microsoft.AspNetCore.Mvc.Internal.ObjectResultExecutor|Executing ObjectResult, writing value Microsoft.AspNetCore.Mvc.ControllerContext.
2019-08-31 20:31:42.5773|INFO|Microsoft.AspNetCore.Mvc.Internal.ControllerActionInvoker|Executed action Library.API.Controllers.BooksController.GetBooksForAuthor (Library.API) in 290.2025ms
2019-08-31 20:31:42.5853|INFO|Microsoft.AspNetCore.Hosting.Internal.WebHost|Request finished in 314.8839ms 200 application/json; charset=utf-8
2019-08-31 20:33:55.1708|INFO|Microsoft.AspNetCore.DataProtection.KeyManagement.XmlKeyManager|User profile is available. Using 'C:\Users\wcosta\AppData\Local\ASP.NET\DataProtection-Keys' as key repository and Windows DPAPI to encrypt keys at rest.
2019-08-31 20:33:56.2756|INFO|Microsoft.EntityFrameworkCore.Infrastructure|Entity Framework Core 2.0.0-rtm-26452 initialized 'LibraryContext' using provider 'Microsoft.EntityFrameworkCore.SqlServer' with options: None
2019-08-31 20:34:04.2963|INFO|Microsoft.EntityFrameworkCore.Database.Command|Executed DbCommand (68ms) [Parameters=[], CommandType='Text', CommandTimeout='30']
SELECT OBJECT_ID(N'__EFMigrationsHistory');
2019-08-31 20:34:04.3460|INFO|Microsoft.EntityFrameworkCore.Database.Command|Executed DbCommand (5ms) [Parameters=[], CommandType='Text', CommandTimeout='30']
SELECT OBJECT_ID(N'__EFMigrationsHistory');
2019-08-31 20:34:04.4262|INFO|Microsoft.EntityFrameworkCore.Database.Command|Executed DbCommand (22ms) [Parameters=[], CommandType='Text', CommandTimeout='30']
SELECT [MigrationId], [ProductVersion]
FROM [__EFMigrationsHistory]
ORDER BY [MigrationId];
2019-08-31 20:34:04.4954|INFO|Microsoft.EntityFrameworkCore.Migrations|No migrations were applied. The database is already up to date.
2019-08-31 20:34:05.3749|INFO|Microsoft.EntityFrameworkCore.Database.Command|Executed DbCommand (1ms) [Parameters=[], CommandType='Text', CommandTimeout='30']
SELECT [a].[Id], [a].[DateOfBirth], [a].[FirstName], [a].[Genre], [a].[LastName]
FROM [Authors] AS [a]
2019-08-31 20:34:05.5031|INFO|Microsoft.EntityFrameworkCore.Database.Command|Executed DbCommand (47ms) [Parameters=[@p0='?', @p1='?', @p2='?', @p3='?', @p4='?', @p5='?'], CommandType='Text', CommandTimeout='30']
SET NOCOUNT ON;
DELETE FROM [Authors]
WHERE [Id] = @p0;
SELECT @@ROWCOUNT;

DELETE FROM [Authors]
WHERE [Id] = @p1;
SELECT @@ROWCOUNT;

DELETE FROM [Authors]
WHERE [Id] = @p2;
SELECT @@ROWCOUNT;

DELETE FROM [Authors]
WHERE [Id] = @p3;
SELECT @@ROWCOUNT;

DELETE FROM [Authors]
WHERE [Id] = @p4;
SELECT @@ROWCOUNT;

DELETE FROM [Authors]
WHERE [Id] = @p5;
SELECT @@ROWCOUNT;
2019-08-31 20:34:05.5559|INFO|Microsoft.EntityFrameworkCore.Database.Command|Executed DbCommand (2ms) [Parameters=[@p0='?', @p1='?', @p2='?' (Size = 50), @p3='?' (Size = 50), @p4='?' (Size = 50), @p5='?', @p6='?', @p7='?' (Size = 50), @p8='?' (Size = 50), @p9='?' (Size = 50), @p10='?', @p11='?', @p12='?' (Size = 50), @p13='?' (Size = 50), @p14='?' (Size = 50), @p15='?', @p16='?', @p17='?' (Size = 50), @p18='?' (Size = 50), @p19='?' (Size = 50), @p20='?', @p21='?', @p22='?' (Size = 50), @p23='?' (Size = 50), @p24='?' (Size = 50), @p25='?', @p26='?', @p27='?' (Size = 50), @p28='?' (Size = 50), @p29='?' (Size = 50)], CommandType='Text', CommandTimeout='30']
SET NOCOUNT ON;
INSERT INTO [Authors] ([Id], [DateOfBirth], [FirstName], [Genre], [LastName])
VALUES (@p0, @p1, @p2, @p3, @p4),
(@p5, @p6, @p7, @p8, @p9),
(@p10, @p11, @p12, @p13, @p14),
(@p15, @p16, @p17, @p18, @p19),
(@p20, @p21, @p22, @p23, @p24),
(@p25, @p26, @p27, @p28, @p29);
2019-08-31 20:34:05.5714|INFO|Microsoft.EntityFrameworkCore.Database.Command|Executed DbCommand (3ms) [Parameters=[@p30='?', @p31='?', @p32='?' (Size = 500), @p33='?' (Size = 100), @p34='?', @p35='?', @p36='?' (Size = 500), @p37='?' (Size = 100), @p38='?', @p39='?', @p40='?' (Size = 500), @p41='?' (Size = 100), @p42='?', @p43='?', @p44='?' (Size = 500), @p45='?' (Size = 100), @p46='?', @p47='?', @p48='?' (Size = 500), @p49='?' (Size = 100), @p50='?', @p51='?', @p52='?' (Size = 500), @p53='?' (Size = 100), @p54='?', @p55='?', @p56='?' (Size = 500), @p57='?' (Size = 100), @p58='?', @p59='?', @p60='?' (Size = 500), @p61='?' (Size = 100), @p62='?', @p63='?', @p64='?' (Size = 500), @p65='?' (Size = 100), @p66='?', @p67='?', @p68='?' (Size = 500), @p69='?' (Size = 100), @p70='?', @p71='?', @p72='?' (Size = 500), @p73='?' (Size = 100)], CommandType='Text', CommandTimeout='30']
SET NOCOUNT ON;
INSERT INTO [Books] ([Id], [AuthorId], [Description], [Title])
VALUES (@p30, @p31, @p32, @p33),
(@p34, @p35, @p36, @p37),
(@p38, @p39, @p40, @p41),
(@p42, @p43, @p44, @p45),
(@p46, @p47, @p48, @p49),
(@p50, @p51, @p52, @p53),
(@p54, @p55, @p56, @p57),
(@p58, @p59, @p60, @p61),
(@p62, @p63, @p64, @p65),
(@p66, @p67, @p68, @p69),
(@p70, @p71, @p72, @p73);
2019-08-31 20:34:06.4310|INFO|Microsoft.AspNetCore.Hosting.Internal.WebHost|Request starting HTTP/1.1 DEBUG http://localhost:6058/  0
2019-08-31 20:34:06.6754|INFO|Microsoft.AspNetCore.Hosting.Internal.WebHost|Request finished in 283.6207ms 200 
2019-08-31 20:44:50.6194|INFO|Microsoft.AspNetCore.Hosting.Internal.WebHost|Request starting HTTP/1.1 GET http://localhost:6058/api/authors/76053df4-6687-4353-8937-b45556748abe/books  
2019-08-31 20:44:52.6990|INFO|Microsoft.EntityFrameworkCore.Infrastructure|Entity Framework Core 2.0.0-rtm-26452 initialized 'LibraryContext' using provider 'Microsoft.EntityFrameworkCore.SqlServer' with options: None
2019-08-31 20:44:53.0926|INFO|Microsoft.EntityFrameworkCore.Database.Command|Executed DbCommand (19ms) [Parameters=[], CommandType='Text', CommandTimeout='30']
SELECT OBJECT_ID(N'__EFMigrationsHistory');
2019-08-31 20:44:53.1118|INFO|Microsoft.EntityFrameworkCore.Database.Command|Executed DbCommand (1ms) [Parameters=[], CommandType='Text', CommandTimeout='30']
SELECT OBJECT_ID(N'__EFMigrationsHistory');
2019-08-31 20:44:53.1518|INFO|Microsoft.EntityFrameworkCore.Database.Command|Executed DbCommand (14ms) [Parameters=[], CommandType='Text', CommandTimeout='30']
SELECT [MigrationId], [ProductVersion]
FROM [__EFMigrationsHistory]
ORDER BY [MigrationId];
2019-08-31 20:44:53.1661|INFO|Microsoft.EntityFrameworkCore.Migrations|No migrations were applied. The database is already up to date.
2019-08-31 20:44:53.3182|INFO|Microsoft.AspNetCore.Mvc.Internal.ControllerActionInvoker|Executing action method Library.API.Controllers.BooksController.GetBooksForAuthor (Library.API) with arguments (76053df4-6687-4353-8937-b45556748abe) - ModelState is Valid
2019-08-31 20:44:53.6286|INFO|Microsoft.EntityFrameworkCore.Database.Command|Executed DbCommand (137ms) [Parameters=[@__authorId_0='?'], CommandType='Text', CommandTimeout='30']
SELECT CASE
    WHEN EXISTS (
        SELECT 1
        FROM [Authors] AS [a]
        WHERE [a].[Id] = @__authorId_0)
    THEN CAST(1 AS BIT) ELSE CAST(0 AS BIT)
END
2019-08-31 20:44:54.0539|INFO|Microsoft.EntityFrameworkCore.Database.Command|Executed DbCommand (331ms) [Parameters=[@__authorId_0='?'], CommandType='Text', CommandTimeout='30']
SELECT [b].[Id], [b].[AuthorId], [b].[Description], [b].[Title]
FROM [Books] AS [b]
WHERE [b].[AuthorId] = @__authorId_0
ORDER BY [b].[Title]
2019-08-31 20:44:54.2170|INFO|Microsoft.AspNetCore.Mvc.Internal.ObjectResultExecutor|Executing ObjectResult, writing value Microsoft.AspNetCore.Mvc.ControllerContext.
2019-08-31 20:44:54.7623|INFO|Microsoft.AspNetCore.Mvc.Internal.ControllerActionInvoker|Executed action Library.API.Controllers.BooksController.GetBooksForAuthor (Library.API) in 2068.0975ms
2019-08-31 20:44:54.7935|INFO|Microsoft.AspNetCore.Hosting.Internal.WebHost|Request finished in 4175.2567ms 200 application/json; charset=utf-8
2019-08-31 20:47:08.5467|INFO|Microsoft.AspNetCore.DataProtection.KeyManagement.XmlKeyManager|User profile is available. Using 'C:\Users\wcosta\AppData\Local\ASP.NET\DataProtection-Keys' as key repository and Windows DPAPI to encrypt keys at rest.
2019-08-31 20:47:09.7220|INFO|Microsoft.EntityFrameworkCore.Infrastructure|Entity Framework Core 2.0.0-rtm-26452 initialized 'LibraryContext' using provider 'Microsoft.EntityFrameworkCore.SqlServer' with options: None
2019-08-31 20:47:16.5120|INFO|Microsoft.EntityFrameworkCore.Database.Command|Executed DbCommand (144ms) [Parameters=[], CommandType='Text', CommandTimeout='30']
SELECT OBJECT_ID(N'__EFMigrationsHistory');
2019-08-31 20:47:16.5357|INFO|Microsoft.EntityFrameworkCore.Database.Command|Executed DbCommand (0ms) [Parameters=[], CommandType='Text', CommandTimeout='30']
SELECT OBJECT_ID(N'__EFMigrationsHistory');
2019-08-31 20:47:16.5939|INFO|Microsoft.EntityFrameworkCore.Database.Command|Executed DbCommand (31ms) [Parameters=[], CommandType='Text', CommandTimeout='30']
SELECT [MigrationId], [ProductVersion]
FROM [__EFMigrationsHistory]
ORDER BY [MigrationId];
2019-08-31 20:47:16.6280|INFO|Microsoft.EntityFrameworkCore.Migrations|No migrations were applied. The database is already up to date.
2019-08-31 20:47:17.6311|INFO|Microsoft.EntityFrameworkCore.Database.Command|Executed DbCommand (18ms) [Parameters=[], CommandType='Text', CommandTimeout='30']
SELECT [a].[Id], [a].[DateOfBirth], [a].[FirstName], [a].[Genre], [a].[LastName]
FROM [Authors] AS [a]
2019-08-31 20:47:17.8691|INFO|Microsoft.EntityFrameworkCore.Database.Command|Executed DbCommand (110ms) [Parameters=[@p0='?', @p1='?', @p2='?', @p3='?', @p4='?', @p5='?'], CommandType='Text', CommandTimeout='30']
SET NOCOUNT ON;
DELETE FROM [Authors]
WHERE [Id] = @p0;
SELECT @@ROWCOUNT;

DELETE FROM [Authors]
WHERE [Id] = @p1;
SELECT @@ROWCOUNT;

DELETE FROM [Authors]
WHERE [Id] = @p2;
SELECT @@ROWCOUNT;

DELETE FROM [Authors]
WHERE [Id] = @p3;
SELECT @@ROWCOUNT;

DELETE FROM [Authors]
WHERE [Id] = @p4;
SELECT @@ROWCOUNT;

DELETE FROM [Authors]
WHERE [Id] = @p5;
SELECT @@ROWCOUNT;
2019-08-31 20:47:17.9381|INFO|Microsoft.EntityFrameworkCore.Database.Command|Executed DbCommand (4ms) [Parameters=[@p0='?', @p1='?', @p2='?' (Size = 50), @p3='?' (Size = 50), @p4='?' (Size = 50), @p5='?', @p6='?', @p7='?' (Size = 50), @p8='?' (Size = 50), @p9='?' (Size = 50), @p10='?', @p11='?', @p12='?' (Size = 50), @p13='?' (Size = 50), @p14='?' (Size = 50), @p15='?', @p16='?', @p17='?' (Size = 50), @p18='?' (Size = 50), @p19='?' (Size = 50), @p20='?', @p21='?', @p22='?' (Size = 50), @p23='?' (Size = 50), @p24='?' (Size = 50), @p25='?', @p26='?', @p27='?' (Size = 50), @p28='?' (Size = 50), @p29='?' (Size = 50)], CommandType='Text', CommandTimeout='30']
SET NOCOUNT ON;
INSERT INTO [Authors] ([Id], [DateOfBirth], [FirstName], [Genre], [LastName])
VALUES (@p0, @p1, @p2, @p3, @p4),
(@p5, @p6, @p7, @p8, @p9),
(@p10, @p11, @p12, @p13, @p14),
(@p15, @p16, @p17, @p18, @p19),
(@p20, @p21, @p22, @p23, @p24),
(@p25, @p26, @p27, @p28, @p29);
2019-08-31 20:47:17.9630|INFO|Microsoft.EntityFrameworkCore.Database.Command|Executed DbCommand (6ms) [Parameters=[@p30='?', @p31='?', @p32='?' (Size = 500), @p33='?' (Size = 100), @p34='?', @p35='?', @p36='?' (Size = 500), @p37='?' (Size = 100), @p38='?', @p39='?', @p40='?' (Size = 500), @p41='?' (Size = 100), @p42='?', @p43='?', @p44='?' (Size = 500), @p45='?' (Size = 100), @p46='?', @p47='?', @p48='?' (Size = 500), @p49='?' (Size = 100), @p50='?', @p51='?', @p52='?' (Size = 500), @p53='?' (Size = 100), @p54='?', @p55='?', @p56='?' (Size = 500), @p57='?' (Size = 100), @p58='?', @p59='?', @p60='?' (Size = 500), @p61='?' (Size = 100), @p62='?', @p63='?', @p64='?' (Size = 500), @p65='?' (Size = 100), @p66='?', @p67='?', @p68='?' (Size = 500), @p69='?' (Size = 100), @p70='?', @p71='?', @p72='?' (Size = 500), @p73='?' (Size = 100)], CommandType='Text', CommandTimeout='30']
SET NOCOUNT ON;
INSERT INTO [Books] ([Id], [AuthorId], [Description], [Title])
VALUES (@p30, @p31, @p32, @p33),
(@p34, @p35, @p36, @p37),
(@p38, @p39, @p40, @p41),
(@p42, @p43, @p44, @p45),
(@p46, @p47, @p48, @p49),
(@p50, @p51, @p52, @p53),
(@p54, @p55, @p56, @p57),
(@p58, @p59, @p60, @p61),
(@p62, @p63, @p64, @p65),
(@p66, @p67, @p68, @p69),
(@p70, @p71, @p72, @p73);
2019-08-31 20:47:19.0319|INFO|Microsoft.AspNetCore.Hosting.Internal.WebHost|Request starting HTTP/1.1 DEBUG http://localhost:6058/  0
2019-08-31 20:47:19.1543|INFO|Microsoft.AspNetCore.Hosting.Internal.WebHost|Request finished in 141.3625ms 200 
2019-08-31 20:49:28.4457|INFO|Microsoft.AspNetCore.DataProtection.KeyManagement.XmlKeyManager|User profile is available. Using 'C:\Users\wcosta\AppData\Local\ASP.NET\DataProtection-Keys' as key repository and Windows DPAPI to encrypt keys at rest.
2019-08-31 20:49:29.4392|INFO|Microsoft.EntityFrameworkCore.Infrastructure|Entity Framework Core 2.0.0-rtm-26452 initialized 'LibraryContext' using provider 'Microsoft.EntityFrameworkCore.SqlServer' with options: None
2019-08-31 20:49:34.7100|INFO|Microsoft.EntityFrameworkCore.Database.Command|Executed DbCommand (118ms) [Parameters=[], CommandType='Text', CommandTimeout='30']
SELECT OBJECT_ID(N'__EFMigrationsHistory');
2019-08-31 20:49:34.7316|INFO|Microsoft.EntityFrameworkCore.Database.Command|Executed DbCommand (1ms) [Parameters=[], CommandType='Text', CommandTimeout='30']
SELECT OBJECT_ID(N'__EFMigrationsHistory');
2019-08-31 20:49:34.7954|INFO|Microsoft.EntityFrameworkCore.Database.Command|Executed DbCommand (32ms) [Parameters=[], CommandType='Text', CommandTimeout='30']
SELECT [MigrationId], [ProductVersion]
FROM [__EFMigrationsHistory]
ORDER BY [MigrationId];
2019-08-31 20:49:34.8448|INFO|Microsoft.EntityFrameworkCore.Migrations|No migrations were applied. The database is already up to date.
2019-08-31 20:49:35.7288|INFO|Microsoft.EntityFrameworkCore.Database.Command|Executed DbCommand (1ms) [Parameters=[], CommandType='Text', CommandTimeout='30']
SELECT [a].[Id], [a].[DateOfBirth], [a].[FirstName], [a].[Genre], [a].[LastName]
FROM [Authors] AS [a]
2019-08-31 20:49:35.8811|INFO|Microsoft.EntityFrameworkCore.Database.Command|Executed DbCommand (67ms) [Parameters=[@p0='?', @p1='?', @p2='?', @p3='?', @p4='?', @p5='?'], CommandType='Text', CommandTimeout='30']
SET NOCOUNT ON;
DELETE FROM [Authors]
WHERE [Id] = @p0;
SELECT @@ROWCOUNT;

DELETE FROM [Authors]
WHERE [Id] = @p1;
SELECT @@ROWCOUNT;

DELETE FROM [Authors]
WHERE [Id] = @p2;
SELECT @@ROWCOUNT;

DELETE FROM [Authors]
WHERE [Id] = @p3;
SELECT @@ROWCOUNT;

DELETE FROM [Authors]
WHERE [Id] = @p4;
SELECT @@ROWCOUNT;

DELETE FROM [Authors]
WHERE [Id] = @p5;
SELECT @@ROWCOUNT;
2019-08-31 20:49:35.9311|INFO|Microsoft.EntityFrameworkCore.Database.Command|Executed DbCommand (4ms) [Parameters=[@p0='?', @p1='?', @p2='?' (Size = 50), @p3='?' (Size = 50), @p4='?' (Size = 50), @p5='?', @p6='?', @p7='?' (Size = 50), @p8='?' (Size = 50), @p9='?' (Size = 50), @p10='?', @p11='?', @p12='?' (Size = 50), @p13='?' (Size = 50), @p14='?' (Size = 50), @p15='?', @p16='?', @p17='?' (Size = 50), @p18='?' (Size = 50), @p19='?' (Size = 50), @p20='?', @p21='?', @p22='?' (Size = 50), @p23='?' (Size = 50), @p24='?' (Size = 50), @p25='?', @p26='?', @p27='?' (Size = 50), @p28='?' (Size = 50), @p29='?' (Size = 50)], CommandType='Text', CommandTimeout='30']
SET NOCOUNT ON;
INSERT INTO [Authors] ([Id], [DateOfBirth], [FirstName], [Genre], [LastName])
VALUES (@p0, @p1, @p2, @p3, @p4),
(@p5, @p6, @p7, @p8, @p9),
(@p10, @p11, @p12, @p13, @p14),
(@p15, @p16, @p17, @p18, @p19),
(@p20, @p21, @p22, @p23, @p24),
(@p25, @p26, @p27, @p28, @p29);
2019-08-31 20:49:35.9311|INFO|Microsoft.EntityFrameworkCore.Database.Command|Executed DbCommand (2ms) [Parameters=[@p30='?', @p31='?', @p32='?' (Size = 500), @p33='?' (Size = 100), @p34='?', @p35='?', @p36='?' (Size = 500), @p37='?' (Size = 100), @p38='?', @p39='?', @p40='?' (Size = 500), @p41='?' (Size = 100), @p42='?', @p43='?', @p44='?' (Size = 500), @p45='?' (Size = 100), @p46='?', @p47='?', @p48='?' (Size = 500), @p49='?' (Size = 100), @p50='?', @p51='?', @p52='?' (Size = 500), @p53='?' (Size = 100), @p54='?', @p55='?', @p56='?' (Size = 500), @p57='?' (Size = 100), @p58='?', @p59='?', @p60='?' (Size = 500), @p61='?' (Size = 100), @p62='?', @p63='?', @p64='?' (Size = 500), @p65='?' (Size = 100), @p66='?', @p67='?', @p68='?' (Size = 500), @p69='?' (Size = 100), @p70='?', @p71='?', @p72='?' (Size = 500), @p73='?' (Size = 100)], CommandType='Text', CommandTimeout='30']
SET NOCOUNT ON;
INSERT INTO [Books] ([Id], [AuthorId], [Description], [Title])
VALUES (@p30, @p31, @p32, @p33),
(@p34, @p35, @p36, @p37),
(@p38, @p39, @p40, @p41),
(@p42, @p43, @p44, @p45),
(@p46, @p47, @p48, @p49),
(@p50, @p51, @p52, @p53),
(@p54, @p55, @p56, @p57),
(@p58, @p59, @p60, @p61),
(@p62, @p63, @p64, @p65),
(@p66, @p67, @p68, @p69),
(@p70, @p71, @p72, @p73);
2019-08-31 20:49:36.5090|INFO|Microsoft.AspNetCore.Hosting.Internal.WebHost|Request starting HTTP/1.1 DEBUG http://localhost:6058/  0
2019-08-31 20:49:36.5404|INFO|Microsoft.AspNetCore.Hosting.Internal.WebHost|Request starting HTTP/1.1 GET http://localhost:6058/api/authors/76053df4-6687-4353-8937-b45556748abe/books  
2019-08-31 20:49:36.7343|INFO|Microsoft.AspNetCore.Hosting.Internal.WebHost|Request finished in 228.7293ms 200 
2019-08-31 20:49:37.3194|INFO|Microsoft.EntityFrameworkCore.Infrastructure|Entity Framework Core 2.0.0-rtm-26452 initialized 'LibraryContext' using provider 'Microsoft.EntityFrameworkCore.SqlServer' with options: None
2019-08-31 20:49:37.3524|INFO|Microsoft.EntityFrameworkCore.Database.Command|Executed DbCommand (14ms) [Parameters=[], CommandType='Text', CommandTimeout='30']
SELECT OBJECT_ID(N'__EFMigrationsHistory');
2019-08-31 20:49:37.3722|INFO|Microsoft.EntityFrameworkCore.Database.Command|Executed DbCommand (0ms) [Parameters=[], CommandType='Text', CommandTimeout='30']
SELECT OBJECT_ID(N'__EFMigrationsHistory');
2019-08-31 20:49:37.3935|INFO|Microsoft.EntityFrameworkCore.Database.Command|Executed DbCommand (0ms) [Parameters=[], CommandType='Text', CommandTimeout='30']
SELECT [MigrationId], [ProductVersion]
FROM [__EFMigrationsHistory]
ORDER BY [MigrationId];
2019-08-31 20:49:37.4059|INFO|Microsoft.EntityFrameworkCore.Migrations|No migrations were applied. The database is already up to date.
2019-08-31 20:49:37.5010|INFO|Microsoft.AspNetCore.Mvc.Internal.ControllerActionInvoker|Executing action method Library.API.Controllers.BooksController.GetBooksForAuthor (Library.API) with arguments (76053df4-6687-4353-8937-b45556748abe) - ModelState is Valid
2019-08-31 20:49:37.5869|INFO|Microsoft.EntityFrameworkCore.Database.Command|Executed DbCommand (1ms) [Parameters=[@__authorId_0='?'], CommandType='Text', CommandTimeout='30']
SELECT CASE
    WHEN EXISTS (
        SELECT 1
        FROM [Authors] AS [a]
        WHERE [a].[Id] = @__authorId_0)
    THEN CAST(1 AS BIT) ELSE CAST(0 AS BIT)
END
2019-08-31 20:49:37.6183|INFO|Microsoft.EntityFrameworkCore.Database.Command|Executed DbCommand (2ms) [Parameters=[@__authorId_0='?'], CommandType='Text', CommandTimeout='30']
SELECT [b].[Id], [b].[AuthorId], [b].[Description], [b].[Title]
FROM [Books] AS [b]
WHERE [b].[AuthorId] = @__authorId_0
ORDER BY [b].[Title]
2019-08-31 20:49:37.6713|INFO|Microsoft.AspNetCore.Mvc.Internal.ObjectResultExecutor|Executing ObjectResult, writing value Microsoft.AspNetCore.Mvc.ControllerContext.
2019-08-31 20:49:37.8697|INFO|Microsoft.AspNetCore.Mvc.Internal.ControllerActionInvoker|Executed action Library.API.Controllers.BooksController.GetBooksForAuthor (Library.API) in 590.8227ms
2019-08-31 20:49:37.8858|INFO|Microsoft.AspNetCore.Hosting.Internal.WebHost|Request finished in 1392.6882ms 200 application/json; charset=utf-8
